Makefile: added -gnu to EXTRAVERSION
README: renamed to GNU Linux-libre
Documentation/admin-guide/README.rst: renamed to GNU Linux-libre
Documentation/admin-guide/README.rst: dropped partial Linux version
Documentation/admin-guide/README.rst: Linux is a kernel
Documentation/admin-guide/README.rst: added blurb about GNU Linux-libre
scripts/package/builddeb: kernel name
scripts/package/mkdebian: kernel name
scripts/package/mkdebian: sources
scripts/package/mkdebian: home page
scripts/package/mkdebian: upstream development repo
scripts/package/mkspec: package name
scripts/package/mkspec: package summary
scripts/package/mkspec: kernel name
scripts/package/mkspec: home page
scripts/package/mkspec: -libre subpackages
scripts/package/mkspec: -libre provides
include/linux/firmware.h: added non-Free firmware notification support
include/linux/ihex.h: added non-Free ihex firmware notification support
drivers/base/firmware_loader/fallback.c: shorten non-Free firmware fail-to-load timeout

MICROCODE_AMD - AMD microcode patch loading support
arch/x86/kernel/cpu/microcode/amd.c: disabled non-Free firmware-loading machinery
arch/x86/kernel/cpu/microcode/amd.c: removed blobs

MICROCODE_INTEL - Intel microcode patch loading support
arch/x86/kernel/cpu/microcode/intel.c: disabled non-Free firmware-loading machinery
arch/x86/kernel/cpu/microcode/intel.c: removed blobs
arch/x86/events/intel/core.c: removed blobs

MICROCODE - CPU microcode loading support
Documentation/x86/microcode.rst: removed blobs
arch/x86/kernel/apic/apic.c: removed blobs
drivers/hwmon/coretemp.c: removed blobs

IXP4XX_NPE - IXP4xx Network Processor Engine support
drivers/soc/ixp4xx/ixp4xx-npe.c: disabled non-Free firmware-loading machinery
drivers/soc/ixp4xx/ixp4xx-npe.c: removed blobs
Documentation/arm/ixp4xx.rst: removed blobs

MACH_SUN8I - Allwinner sun8i Family SoCs support
arch/arm/boot/dts/sun8i-a23-gt90h-v4.dts: removed blobs
arch/arm/boot/dts/sun8i-a23-inet86dz.dts: removed blobs
arch/arm/boot/dts/sun8i-a23-polaroid-mid2407pxe03.dts: removed blobs
arch/arm/boot/dts/sun8i-a23-polaroid-mid2809pxe04.dts: removed blobs
arch/arm/boot/dts/sun8i-a33-ga10h-v1.1.dts: removed blobs

ATM_AMBASSADOR - Madge Ambassador, Collage PCI 155 Server
drivers/atm/ambassador.c: disabled non-Free firmware-loading machinery
drivers/atm/ambassador.c: removed blobs

ATM_FORE200E - FORE Systems 200E-series
drivers/atm/fore200e.c: disabled non-Free firmware-loading machinery
drivers/atm/fore200e.c: removed blobs
Documentation/networking/fore200e.txt: removed blobs
drivers/atm/.gitignore: removed blobs
Documentation/dontdiff: removed blobs

ATM_SOLOS - Solos ADSL2+ PCI Multiport card driver
drivers/atm/solos-pci.c: disabled non-Free firmware-loading machinery
drivers/atm/solos-pci.c: removed blobs

CAVIUM_CPT - Cavium Cryptographic Accelerator driver
drivers/crypto/cavium/cpt/cptpf_main.c: disabled non-Free firmware-loading machinery
drivers/crypto/cavium/cpt/cptpf_main.c: removed blobs

CRYPTO_DEV_NITROX_CNN55XX - Support for Cavium CNN55XX driver
drivers/crypto/cavium/nitrox/nitrox_main.c: disabled non-Free firmware-loading machinery
drivers/crypto/cavium/nitrox/nitrox_main.c: removed blobs

CRYPTO_DEV_SP_PSP - Platform Security Processor (PSP) device
drivers/crypto/ccp/psp-dev.c: disabled silent non-Free firmware-loading machinery
drivers/crypto/ccp/psp-dev.c: removed blobs

CRYPTO_DEV_SAFEXCEL - Inside Secure's SafeXcel cryptographic engine driver
drivers/crypto/inside-secure/safexcel.c: disabled silent non-Free firmware-loading machinery
drivers/crypto/inside-secure/safexcel.c: removed blobs

CRYPTO_DEV_QAT_DH895xCC - Support for Intel(R) DH895xCC
drivers/crypto/qat/qat_dh895xcc/adf_dh895xcc_hw_data.h: removed blobs
drivers/crypto/qat/qat_dh895xcc/adf_drv.c: removed blobs

CRYPTO_DEV_QAT - Common bits for Intel(R) QuickAssist Technology
drivers/crypto/qat/qat_common/adf_accel_engine.c: disabled non-Free firmware-loading machinery

CRYPTO_DEV_QAT_C3XXX - Support for Intel(R) C3XXX
drivers/crypto/qat/qat_c3xxx/adf_c3xxx_hw_data.h: removed blobs
drivers/crypto/qat/qat_c3xxx/adf_drv.c: removed blobs

CRYPTO_DEV_QAT_C62X - Support for Intel(R) C62X
drivers/crypto/qat/qat_c62x/adf_c62x_hw_data.h: removed blobs
drivers/crypto/qat/qat_c62x/adf_drv.c: removed blobs

CYCLADES - Cyclades async mux support
drivers/tty/cyclades.c: disabled non-Free firmware-loading machinery
drivers/tty/cyclades.c: removed blobs

ISI - Multi-Tech multiport card support
drivers/tty/isicom.c: disabled non-Free firmware-loading machinery
drivers/tty/isicom.c: removed blobs

MOXA_INTELLIO - Moxa Intellio support
drivers/tty/moxa.c: disabled non-Free firmware-loading machinery
drivers/tty/moxa.c: removed blobs

DRM - irect Rendering Manager (XFree86 4.1.0 and higher DRI support)
drivers/gpu/drm/drm_hdcp.c: disabled non-Free firmware-loading machinery
drivers/gpu/drm/drm_hdcp.c: removed blobs

DRM_AMDGPU - AMD GPU
drivers/gpu/drm/amd/amdgpu/amdgpu_uvd.c: disabled non-Free firmware-loading machinery
drivers/gpu/drm/amd/amdgpu/amdgpu_uvd.c: removed blobs
drivers/gpu/drm/amd/amdgpu/amdgpu_vce.c: disabled non-Free firmware-loading machinery
drivers/gpu/drm/amd/amdgpu/amdgpu_vce.c: removed blobs
drivers/gpu/drm/amd/amdgpu/amdgpu_vcn.c: disabled non-Free firmware-loading machinery
drivers/gpu/drm/amd/amdgpu/amdgpu_vcn.c: removed blobs
drivers/gpu/drm/amd/amdgpu/gfx_v8_0.c: disabled non-Free firmware-loading machinery
drivers/gpu/drm/amd/amdgpu/gfx_v8_0.c: removed blobs
drivers/gpu/drm/amd/amdgpu/gfx_v9_0.c: disabled non-Free firmware-loading machinery
drivers/gpu/drm/amd/amdgpu/gfx_v9_0.c: removed blobs
drivers/gpu/drm/amd/amdgpu/gfx_v10_0.c: disabled non-Free firmware-loading machinery
drivers/gpu/drm/amd/amdgpu/gfx_v10_0.c: removed blobs
drivers/gpu/drm/amd/amdgpu/gmc_v8_0.c: disabled non-Free firmware-loading machinery
drivers/gpu/drm/amd/amdgpu/gmc_v8_0.c: removed blobs
drivers/gpu/drm/amd/amdgpu/mes_v10_1.c: disabled non-Free firmware-loading machinery
drivers/gpu/drm/amd/amdgpu/mes_v10_1.c: removed blobs
drivers/gpu/drm/amd/amdgpu/psp_v3_1.c: disabled non-Free firmware-loading machinery
drivers/gpu/drm/amd/amdgpu/psp_v3_1.c: removed blobs
drivers/gpu/drm/amd/amdgpu/psp_v10_0.c: disabled non-Free firmware-loading machinery
drivers/gpu/drm/amd/amdgpu/psp_v10_0.c: removed blobs
drivers/gpu/drm/amd/amdgpu/psp_v11_0.c: disabled non-Free firmware-loading machinery
drivers/gpu/drm/amd/amdgpu/psp_v11_0.c: removed blobs
drivers/gpu/drm/amd/amdgpu/psp_v12_0.c: disabled non-Free firmware-loading machinery
drivers/gpu/drm/amd/amdgpu/psp_v12_0.c: removed blobs
drivers/gpu/drm/amd/amdgpu/sdma_v2_4.c: disabled non-Free firmware-loading machinery
drivers/gpu/drm/amd/amdgpu/sdma_v2_4.c: removed blobs
drivers/gpu/drm/amd/amdgpu/sdma_v3_0.c: disabled non-Free firmware-loading machinery
drivers/gpu/drm/amd/amdgpu/sdma_v3_0.c: removed blobs
drivers/gpu/drm/amd/amdgpu/sdma_v4_0.c: disabled non-Free firmware-loading machinery
drivers/gpu/drm/amd/amdgpu/sdma_v4_0.c: removed blobs
drivers/gpu/drm/amd/amdgpu/sdma_v5_0.c: disabled non-Free firmware-loading machinery
drivers/gpu/drm/amd/amdgpu/sdma_v5_0.c: removed blobs
drivers/gpu/drm/amd/amdgpu/amdgpu_cgs.c: disabled non-Free firmware-loading machinery
drivers/gpu/drm/amd/amdgpu/amdgpu_cgs.c: removed blobs
drivers/gpu/drm/amd/amdgpu/amdgpu_device.c: disabled non-Free firmware-loading machinery
drivers/gpu/drm/amd/amdgpu/amdgpu_device.c: removed blobs
drivers/gpu/drm/amd/powerplay/smumgr/smumgr.c: removed blobs
drivers/gpu/drm/amd/powerplay/smu_v11_0.c: disabled non-Free firmware-loading machinery
drivers/gpu/drm/amd/powerplay/smu_v11_0.c: removed blobs
drivers/gpu/drm/amd/display/amdgpu_dm/amdgpu_dm.c: disabled non-Free firmware-loading machinery
drivers/gpu/drm/amd/display/amdgpu_dm/amdgpu_dm.c: removed blobs

DRM_AMDGPU_CIK - Enable amdgpu support for CIK parts
drivers/gpu/drm/amd/amdgpu/cik_sdma.c: disabled non-Free firmware-loading machinery
drivers/gpu/drm/amd/amdgpu/cik_sdma.c: removed blobs
drivers/gpu/drm/amd/amdgpu/gfx_v7_0.c: disabled non-Free firmware-loading machinery
drivers/gpu/drm/amd/amdgpu/gfx_v7_0.c: removed blobs
drivers/gpu/drm/amd/amdgpu/gmc_v7_0.c: disabled non-Free firmware-loading machinery
drivers/gpu/drm/amd/amdgpu/gmc_v7_0.c: removed blobs

DRM_AMDGPU_SI - Enable amdgpu support for CIK parts
drivers/gpu/drm/amd/amdgpu/si_dpm.c: disabled non-Free firmware-loading machinery
drivers/gpu/drm/amd/amdgpu/si_dpm.c: removed blobs
drivers/gpu/drm/amd/amdgpu/gfx_v6_0.c: disabled non-Free firmware-loading machinery
drivers/gpu/drm/amd/amdgpu/gfx_v6_0.c: removed blobs
drivers/gpu/drm/amd/amdgpu/gmc_v6_0.c: disabled non-Free firmware-loading machinery
drivers/gpu/drm/amd/amdgpu/gmc_v6_0.c: removed blobs

DRM_AST - AST server chips
drivers/gpu/drm/ast/ast_dp501.c: disabled non-Free firmware-loading machinery
drivers/gpu/drm/ast/ast_dp501.c: removed blobs

DRM_I915 - Intel 8xx/9xx/G3x/G4x/HD Graphics
drivers/gpu/drm/i915/intel_csr.c: disabled non-Free firmware-loading machinery
drivers/gpu/drm/i915/intel_csr.c: removed blobs
drivers/gpu/drm/i915/display/intel_opregion.c: disabled non-Free firmware-loading machinery
drivers/gpu/drm/i915/gt/uc/intel_uc_fw.c: disabled non-Free firmware-loading machinery
drivers/gpu/drm/i915/gt/uc/intel_uc_fw.c: removed blobs
drivers/gpu/drm/i915/gt/uc/intel_uc_fw.h: removed blobs

DRM_I915_GVT - Enable Intel GVT-g graphics virtualization host support
drivers/gpu/drm/i915/gvt/firmware.c: disabled non-Free firmware-loading machinery

DRM_NOUVEAU - Nouveau (nVidia) cards
drivers/gpu/drm/nouveau/nvkm/core/firmware.c: disabled silent non-Free firmware-loading machinery
drivers/gpu/drm/nouveau/nvkm/core/firmware.c: removed blobs
drivers/gpu/drm/nouveau/nvkm/engine/falcon.c: disabled non-Free firmware-loading machinery
drivers/gpu/drm/nouveau/nvkm/engine/falcon.c: removed blobs
drivers/gpu/drm/nouveau/nvkm/engine/xtensa.c: disabled non-Free firmware-loading machinery
drivers/gpu/drm/nouveau/nvkm/engine/xtensa.c: removed blobs
drivers/gpu/drm/nouveau/nouveau_platform.c: removed blobs
drivers/gpu/drm/nouveau/nvkm/subdev/secboot/gp102.c: removed blobs
drivers/gpu/drm/nouveau/nvkm/subdev/secboot/gp108.c: removed blobs
drivers/gpu/drm/nouveau/nvkm/subdev/secboot/gp10b.c: removed blobs
drivers/gpu/drm/nouveau/nvkm/subdev/secboot/gm200.c: removed blobs
drivers/gpu/drm/nouveau/nvkm/subdev/secboot/gm20b.c: removed blobs

DRM_MGA - Matrox g200/g400
drivers/gpu/drm/mga/mga_warp.c: disabled non-Free firmware-loading machinery
drivers/gpu/drm/mga/mga_warp.c: removed blobs

DRM_MSM - MSM DRM
drivers/gpu/drm/msm/adreno/adreno_gpu.c: disabled non-Free firmware-loading machinery
drivers/gpu/drm/msm/adreno/adreno_device.c: removed blobs

DRM_R128 - ATI Rage 128
drivers/gpu/drm/r128/r128_cce.c: disabled non-Free firmware-loading machinery
drivers/gpu/drm/r128/r128_cce.c: removed blobs

DRM_RADEON - ATI Radeon
drivers/gpu/drm/radeon/r100.c: disabled non-Free firmware-loading machinery
drivers/gpu/drm/radeon/r100.c: removed blobs
drivers/gpu/drm/radeon/r600.c: disabled non-Free firmware-loading machinery
drivers/gpu/drm/radeon/r600.c: removed blobs
drivers/gpu/drm/radeon/ni.c: disabled non-Free firmware-loading machinery
drivers/gpu/drm/radeon/ni.c: removed blobs
drivers/gpu/drm/radeon/r600.c: enable blobless activation
drivers/gpu/drm/radeon/evergreen.c: enable blobless activation
drivers/gpu/drm/radeon/rv770.c: enable blobless activation
drivers/gpu/drm/radeon/ni.c: enable blobless activation
drivers/gpu/drm/radeon/si.c: disabled non-Free firmware-loading machinery
drivers/gpu/drm/radeon/si.c: removed blobs
drivers/gpu/drm/radeon/cik.c: disabled non-Free firmware-loading machinery
drivers/gpu/drm/radeon/cik.c: removed blobs
drivers/gpu/drm/radeon/radeon_uvd.c: disabled non-Free firmware-loading machinery
drivers/gpu/drm/radeon/radeon_uvd.c: removed blobs
drivers/gpu/drm/radeon/radeon_vce.c: disabled non-Free firmware-loading machinery
drivers/gpu/drm/radeon/radeon_vce.c: removed blobs

ROCKCHIP_CDN_DP - Rockchip cdn DP
drivers/gpu/drm/rockchip/cdn-dp-core.c: disabled non-Free firmware-loading machinery
drivers/gpu/drm/rockchip/cdn-dp-core.c: removed blobs

DRM_STI - DRM Support for STMicroelectronics SoC stiH41x Series
drivers/gpu/drm/sti/sti_hqvdp.c: disabled non-Free firmware-loading machinery
drivers/gpu/drm/sti/sti_hqvdp.c: removed blobs

DRM_TEGRA - NVIDIA Tegra DRM
drivers/gpu/drm/tegra/falcon.c: disabled non-Free firmware-loading machinery
drivers/gpu/drm/tegra/vic.c: removed blobs

IMX_SDMA - i.MX SDMA support
drivers/dma/imx-sdma.c: disabled non-Free firmware-loading machinery
drivers/dma/imx-sdma.c: removed blobs
arch/arm/mach-imx/mm-imx3.c: removed blobs
arch/arm/boot/dts/imx25.dtsi: removed blobs
arch/arm/boot/dts/imx31.dtsi: removed blobs
arch/arm/boot/dts/imx35.dtsi: removed blobs
arch/arm/boot/dts/imx50.dtsi: removed blobs
arch/arm/boot/dts/imx51.dtsi: removed blobs
arch/arm/boot/dts/imx53.dtsi: removed blobs
arch/arm/boot/dts/imx53-tx53.dtsi: removed blobs
arch/arm/boot/dts/imx6qdl.dtsi: removed blobs
arch/arm/boot/dts/imx6sl.dtsi: removed blobs
arch/arm/boot/dts/imx6sll.dtsi: removed blobs
arch/arm/boot/dts/imx6sx.dtsi: removed blobs
arch/arm/boot/dts/imx6ul.dtsi: removed blobs
arch/arm/boot/dts/imx7s.dtsi: removed blobs
arch/arm64/boot/dts/freescale/imx8mm.dtsi: removed blobs
arch/arm64/boot/dts/freescale/imx8mn.dtsi: removed blobs
arch/arm64/boot/dts/freescale/imx8mq.dtsi: removed blobs
Documentation/devicetree/bindings/dma/fsl-imx-sdma.txt: removed blobs

ST_FDMA - ST FDMA dmaengine support
drivers/dma/st_fdma.c: removed blobs

MEDIA_TUNER_SI2157 - Silicon Labs Si2157 silicon tuner
drivers/media/tuners/si2157.c: disabled non-Free firmware-loading machinery
drivers/media/tuners/si2157.c: removed blobs
drivers/media/tuners/si2157_priv.h: removed blobs

MEDIA_TUNER_XC2028 - XCeive xc2028/xc3028 tuners
drivers/media/tuners/tuner-xc2028.h: disabled non-Free firmware
drivers/media/pci/saa7134/saa7134-cards.c: disabled non-Free firmware
drivers/media/pci/ivtv/ivtv-driver.c: disabled non-Free firmware
drivers/media/pci/cx18/cx18-driver.c: disabled non-Free firmware
drivers/media/pci/cx18/cx18-dvb.c: disabled non-Free firmware
drivers/media/pci/cx23885/cx23885-dvb.c: disabled non-Free firmware
drivers/media/pci/cx23885/cx23885-video.c: disabled non-Free firmware
drivers/media/pci/cx88/cx88-dvb.c: disabled non-Free firmware
drivers/media/pci/cx88/cx88-cards.c: disabled non-Free firmware
drivers/media/usb/em28xx/em28xx-cards.c: disabled non-Free firmware
drivers/media/usb/dvb-usb/dib0700_devices.c: disabled non-Free firmware
drivers/media/usb/dvb-usb/cxusb.c: disabled non-Free firmware
drivers/media/tuners/tuner-xc2028.c: disabled non-Free firmware-loading machinery
drivers/media/tuners/tuner-xc2028.c: removed blobs

VIDEO_TM6000_DVB - DVB Support for tm6000 based TV cards
drivers/media/usb/tm6000/tm6000-cards.c: removed blobs

MEDIA_TUNER_XC4000 - Xceive XC4000 silicon tuner
drivers/media/tuners/xc4000.c: disabled non-Free firmware
drivers/media/tuners/xc4000.c: retain Free firmware-loading machinery, disabling non-Free one
drivers/media/tuners/xc4000.c: removed blobs

MEDIA_TUNER_XC5000 - Xceive XC5000 silicon tuner
drivers/media/usb/cx231xx/cx231xx-cards.c: disabled non-Free firmware
drivers/media/tuners/xc5000.c: disabled non-Free firmware-loading machinery
drivers/media/tuners/xc5000.c: removed blobs

DVB_USB - Support for various USB DVB devices
drivers/media/usb/dvb-usb/dvb-usb-firmware.c: disabled non-Free firmware-loading machinery
drivers/media/usb/dvb-usb/dvb-usb-firmware.c: removed blobs

DVB_USB_V2 - Support for various USB DVB devices v2
drivers/media/usb/dvb-usb-v2/dvb_usb_core.c: disabled non-Free firmware-loading machinery
drivers/media/usb/dvb-usb-v2/dvb_usb_core.c: removed blobs

DVB_B2C2_FLEXCOP - Technisat/B2C2 FlexCopII(b) and FlexCopIII adapters
drivers/media/common/b2c2/flexcop-fe-tuner.c: disabled non-Free firmware-loading machinery

DVB_BT8XX - BT8xx based PCI cards
drivers/media/pci/bt8xx/dvb-bt8xx.c: disabled non-Free firmware-loading machinery

DVB_USB_A800 - AVerMedia AverTV DVB-T USB 2.0 (A800)
drivers/media/usb/dvb-usb/a800.c: removed blobs

DVB_USB_AF9005 - Afatech AF9005 DVB-T USB1.1 support
drivers/media/usb/dvb-usb/af9005-script.h: removed
drivers/media/usb/dvb-usb/af9005-fe.c: report missing Free init script
drivers/media/usb/dvb-usb/af9005-fe.c: removed blobs
drivers/media/usb/dvb-usb/af9005.c: removed blobs

DVB_USB_AF9015 - Afatech AF9015 DVB-T USB2.0 support
drivers/media/usb/dvb-usb-v2/af9015.h: removed blobs
drivers/media/usb/dvb-usb-v2/af9015.c: removed blobs

DVB_USB_AF9035 - Afatech AF9035 DVB-T USB2.0 support
drivers/media/usb/dvb-usb-v2/af9035.h: removed blobs
drivers/media/usb/dvb-usb-v2/af9035.c: removed blobs

DVB_USB_AZ6007 - Azurewave 6007 and clones DVB-T/C USB2.0 support
drivers/media/usb/dvb-usb-v2/az6007.c: removed blobs

DVB_USB_AZ6027 - Azurewave DVB-S/S2 USB2.0 AZ6027 support
drivers/media/usb/dvb-usb/az6027.c: removed blobs

DVB_USB_CXUSB - Conexant USB2.0 hybrid reference design support
drivers/media/usb/dvb-usb/cxusb.c: removed blobs

DVB_USB_DIB0700 - DiBcom DiB0700 USB DVB devices
drivers/media/usb/dvb-usb/dib0700_devices.c: disabled non-Free firmware-loading machinery
drivers/media/usb/dvb-usb/dib0700_devices.c: removed blobs
drivers/media/usb/dvb-usb/dib0700_core.c: removed blobs

DVB_USB_DIBUSB_MB - DiBcom USB DVB-T devices (based on the DiB3000M-B)
drivers/media/usb/dvb-usb/dibusb-mb.c: removed blobs

DVB_USB_DIBUSB_MC - DiBcom USB DVB-T devices (based on the DiB3000M-C/P)
drivers/media/usb/dvb-usb/dibusb-mc.c: removed blobs

DVB_USB_DIGITV - Nebula Electronics uDigiTV DVB-T USB2.0 support
drivers/media/usb/dvb-usb/digitv.c: removed blobs

DVB_USB_DTT200U - WideView WT-200U and WT-220U (pen) DVB-T USB2.0 support (Yakumo/Hama/Typhoon/Yuan)
drivers/media/usb/dvb-usb/dtt200u.c: removed blobs

DVB_USB_DW2102 - DvbWorld DVB-S/S2 USB2.0 support
drivers/media/usb/dvb-usb/dw2102.c: disabled non-Free firmware-loading machinery
drivers/media/usb/dvb-usb/dw2102.c: removed blobs

DVB_USB_EC168 - E3C EC168 DVB-T USB2.0 support
drivers/media/usb/dvb-usb-v2/ec168.h: removed blobs
drivers/media/usb/dvb-usb-v2/ec168.c: removed blobs

DVB_USB_GP8PSK - GENPIX 8PSK->USB module support
drivers/media/usb/dvb-usb/gp8psk.c: disabled non-Free firmware-loading machinery
drivers/media/usb/dvb-usb/gp8psk.c: removed blobs

DVB_USB_LME2510 - LME DM04/QQBOX DVB-S USB2.0 support
drivers/media/usb/dvb-usb-v2/lmedm04.c: disabled non-Free firmware-loading machinery
drivers/media/usb/dvb-usb-v2/lmedm04.c: removed blobs
Documentation/media/dvb-drivers/lmedm04.rst: removed

DVB_USB_M920X - Uli m920x DVB-T USB2.0 support
drivers/media/usb/dvb-usb/m920x.c: removed blobs

DVB_USB_NOVA_T_USB2 - Hauppauge WinTV-NOVA-T usb2 DVB-T USB2.0 support
drivers/media/usb/dvb-usb/nova-t-usb2.c: removed blobs

DVB_USB_OPERA1 - Opera1 DVB-S USB2.0 receiver
drivers/media/usb/dvb-usb/opera1.c: disabled non-Free firmware-loading machinery
drivers/media/usb/dvb-usb/opera1.c: removed blobs

DVB_USB_TECHNISAT_USB2 - Technisat DVB-S/S2 USB2.0 support
drivers/media/usb/dvb-usb/technisat-usb2.c: removed blobs

DVB_USB_TTUSB2 - Pinnacle 400e DVB-S USB2.0 support
drivers/media/usb/dvb-usb/ttusb2.c: removed blobs

DVB_USB_UMT_010 - HanfTek UMT-010 DVB-T USB2.0 support
drivers/media/usb/dvb-usb/umt-010.c: removed blobs

DVB_USB_VP702X - TwinhanDTV StarBox and clones DVB-S USB2.0 support
drivers/media/usb/dvb-usb/vp702x.c: removed blobs

DVB_USB_VP7045 - TwinhanDTV Alpha/MagicBoxII, DNTV tinyUSB2, Beetle USB2.0 support
drivers/media/usb/dvb-usb/vp7045.c: removed blobs

DVB_AF9013 - Afatech AF9013 demodulator
drivers/media/dvb-frontends/af9013.c: disabled non-Free firmware-loading machinery
drivers/media/dvb-frontends/af9013.c: removed blobs
drivers/media/dvb-frontends/af9013_priv.h: removed blobs

DVB_BCM3510 - Broadcom BCM3510
drivers/media/dvb-frontends/bcm3510.c: disabled non-Free firmware
drivers/media/dvb-frontends/bcm3510.c: removed non-Free firmware notes

DVB_CX24116 - Conexant CX24116 based
drivers/media/dvb-frontends/cx24116.c: disabled non-Free firmware
drivers/media/dvb-frontends/cx24116.c: disabled non-Free firmware-loading machinery

DVB_CX24117 - Conexant CX24117 based
drivers/media/dvb-frontends/cx24117.c: disabled non-Free firmware
drivers/media/dvb-frontends/cx24117.c: disabled non-Free firmware-loading machinery
drivers/media/dvb-frontends/cx24117.c: removed blobs

DVB_CX24120 - Conexant CX24120 based
drivers/media/dvb-frontends/cx24120.c: removed blobs

DVB_DS3000 - Montage Tehnology DS3000 based
drivers/media/dvb-frontends/ds3000.c: disabled non-Free firmware
drivers/media/dvb-frontends/ds3000.c: disabled non-Free firmware-loading machinery
drivers/media/dvb-frontends/ds3000.c: removed blobs

DVB_DRX39XYJ - Micronas DRX-J demodulator
drivers/media/dvb-frontends/drx39xyj/drxj.c: disabled non-Free firmware-loading machinery
drivers/media/dvb-frontends/drx39xyj/drxj.c: removed blobs

DVB_LGS8GXX - Legend Silicon LGS8913/LGS8GL5/LGS8GXX DMB-TH demodulator
drivers/media/dvb-frontends/lgs8gxx.c: disabled non-Free firmware-loading machinery
drivers/media/dvb-frontends/lgs8gxx.c: removed blobs

DVB_M88DS3103 - Montage M88DS3103
drivers/media/dvb-frontends/m88ds3103.c: disabled non-Free firmware-loading machinery
drivers/media/dvb-frontends/m88ds3103.c: removed blobs
drivers/media/dvb-frontends/m88ds3103_priv.h: removed blobs

DVB_NXT200X - NxtWave Communications NXT2002/NXT2004 based
drivers/media/dvb-frontends/nxt200x.c: disabled non-Free firmware
drivers/media/dvb-frontends/nxt200x.c: disabled non-Free firmware-loading machinery
drivers/media/dvb-frontends/nxt200x.c: removed blobs

DVB_OR51132 - Oren OR51132 based
drivers/media/dvb-frontends/or51132.c: disabled non-Free firmware-loading machinery
drivers/media/dvb-frontends/or51132.c: removed blobs

DVB_OR51211 - Oren OR51211 based
drivers/media/dvb-frontends/or51211.c: disabled non-Free firmware
drivers/media/dvb-frontends/or51211.c: removed blobs

DVB_SI2165 - Silicon Labs si2165 based
drivers/media/dvb-frontends/si2165.c: disabled non-Free firmware-loading machinery
drivers/media/dvb-frontends/si2165.c: removed blobs
drivers/media/dvb-frontends/si2165_priv.h: removed blobs

DVB_SI2168 - Silicon Labs Si2168
drivers/media/dvb-frontends/si2168.c: disabled non-Free firmware-loading machinery
drivers/media/dvb-frontends/si2168.c: removed blobs
drivers/media/dvb-frontends/si2168_priv.h: removed blobs

DVB_SP8870 - Spase sp8870
drivers/media/dvb-frontends/sp8870.c: disabled non-Free firmware
drivers/media/dvb-frontends/sp8870.c: removed blobs

DVB_SP887X - Spase sp887x based
drivers/media/dvb-frontends/sp887x.c: disabled non-Free firmware
drivers/media/dvb-frontends/sp887x.c: removed blobs

DVB_TDA10048 - Philips TDA10048HN based
drivers/media/dvb-frontends/tda10048.c: removed non-Free firmware size
drivers/media/dvb-frontends/tda10048.c: disabled non-Free firmware
drivers/media/dvb-frontends/tda10048.c: disabled non-Free firmware-loading machinery

DVB_TDA1004X - Philips TDA10045H/TDA10046H
drivers/media/dvb-frontends/tda1004x.c: disabled non-Free firmware
drivers/media/dvb-frontends/tda1004x.c: removed blobs

DVB_TDA10071 - NXP TDA10071
drivers/media/dvb-frontends/tda10071.c: disabled non-Free firmware-loading machinery
drivers/media/dvb-frontends/tda10071.c: removed blobs
drivers/media/dvb-frontends/tda10071_priv.h: removed blobs

DVB_AS102 - Abilis AS102 DVB receiver
drivers/media/usb/as102/as102_fw.c: disabled non-Free firmware-loading machinery
drivers/media/usb/as102/as102_fw.c: removed blobs

DVB_AV7110 - AV7110 cards
drivers/media/pci/ttpci/av7110.c: disabled non-Free firmware-loading machinery
drivers/media/pci/ttpci/av7110.c: removed blobs

DVB_BUDGET - Budget cards
drivers/media/pci/ttpci/budget.c: disabled non-Free firmware-loading machinery

DVB_BUDGET_AV - Budget cards with analog video inputs
drivers/media/pci/ttpci/budget-av.c: disabled non-Free firmware-loading machinery

DVB_BUDGET_CI - Budget cards with onboard CI connector
drivers/media/pci/ttpci/budget-ci.c: disabled non-Free firmware-loading machinery

DVB_C8SECTPFE - STMicroelectronics C8SECTPFE DVB support
drivers/media/platform/sti/c8sectpfe/c8sectpfe-core.c: disabled non-Free firmware-loading machinery
drivers/media/platform/sti/c8sectpfe/c8sectpfe-core.c: removed blobs

DVB_DRXD - Micronas DRXD driver
drivers/media/dvb-frontends/drxd_hard.c: disabled non-Free firmware-loading machinery
drivers/media/dvb-frontends/drxd_hard.c: removed blobs

DVB_DRXK - Micronas DRXK based
drivers/media/dvb-frontends/drxk_hard.c: disabled non-Free firmware-loading machinery

DVB_MN88472 - Panasonic MN88472
drivers/media/dvb-frontends/mn88472.c: disabled non-Free firmware-loading machinery
drivers/media/dvb-frontends/mn88472.c: removed blobs
drivers/media/dvb-frontends/mn88472_priv.h: removed blobs

DVB_MN88473 - Panasonic MN88473
drivers/media/dvb-frontends/mn88473.c: disabled non-Free firmware-loading machinery
drivers/media/dvb-frontends/mn88473.c: removed blobs
drivers/media/dvb-frontends/mn88473_priv.h: removed blobs

DVB_NGENE - Micronas nGene support
drivers/media/pci/ngene/ngene-core.c: disabled non-Free firmware-loading machinery
drivers/media/pci/ngene/ngene-core.c: removed blobs

DVB_PLUTO2 - Pluto2 cards
drivers/media/pci/pluto2/pluto2.c: disabled non-Free firmware-loading machinery

SMS_SIANO_MDTV - Siano SMS1xxx based MDTV receiver
drivers/media/common/siano/smscoreapi.c: disabled non-Free firmware-loading machinery
drivers/media/common/siano/smscoreapi.c: removed blobs
drivers/media/common/siano/smscoreapi.h: removed blobs

SMS_USB_DRV - Siano's USB interface support
drivers/media/usb/siano/smsusb.c: disabled non-Free firmware-loading machinery
drivers/media/usb/siano/smsusb.c: removed blobs

DVB_TTUSB_BUDGET - Technotrend/Hauppauge Nova-USB devices
drivers/media/usb/ttusb-budget/dvb-ttusb-budget.c: disabled non-Free firmware-loading machinery
drivers/media/usb/ttusb-budget/dvb-ttusb-budget.c: removed blobs

DVB_TTUSB_DEC - Technotrend/Hauppauge USB DEC devices
drivers/media/usb/ttusb-dec/ttusb_dec.c: disabled non-Free firmware-loading machinery
drivers/media/usb/ttusb-dec/ttusb_dec.c: removed blobs
Documentation/media/dvb-drivers/ttusb-dec.rst: removed blobs

VIDEO_ALLEGRO_DVT - Allegro DVT Video IP Core
drivers/staging/media/allegro-dvt/allegro-core.c: disabled non-Free firmware-loading machinery
drivers/staging/media/allegro-dvt/allegro-core.c: removed blobs

VIDEO_BT848 - BT848 Video For Linux
drivers/media/pci/bt8xx/bttv-cards.c: disabled non-Free firmware-loading machinery
drivers/media/pci/bt8xx/bttv-cards.c: removed blobs
Documentation/media/v4l-drivers/bttv.rst: removed blobs

VIDEO_CODA - Chips&Media Coda multi-standard codec IP
drivers/media/platform/coda/coda-common.c: disabled non-Free firmware-loading machinery
drivers/media/platform/coda/coda-common.c: removed blobs

VIDEO_CPIA2 - CPiA2 Video For Linux
drivers/media/usb/cpia2/cpia2_core.c: disabled non-Free firmware-loading machinery
drivers/media/usb/cpia2/cpia2_core.c: removed blobs

VIDEO_CX18 - Conexant cx23418 MPEG encoder support
drivers/media/pci/cx18/cx18-av-firmware.c: disabled non-Free firmware-loading machinery
drivers/media/pci/cx18/cx18-dvb.c: disabled non-Free firmware-loading machinery
drivers/media/pci/cx18/cx18-firmware.c: disabled non-Free firmware-loading machinery
drivers/media/pci/cx18/cx18-av-firmware.c: removed blobs
drivers/media/pci/cx18/cx18-dvb.c: removed blobs
drivers/media/pci/cx18/cx18-firmware.c: removed blobs
drivers/media/pci/cx18/cx18-driver.c: removed blobs

VIDEO_CX231XX - Conexant cx231xx USB video capture support
drivers/media/usb/cx231xx/cx231xx-417.c: disabled non-Free firmware-loading machinery
drivers/media/usb/cx231xx/cx231xx-417.c: removed blobs

VIDEO_CX23885 - Conexant cx23885 (2388x successor) support
drivers/media/pci/cx23885/cx23885-417.c: disabled non-Free firmware-loading machinery
drivers/media/pci/cx23885/cx23885-417.c: removed blobs
drivers/media/pci/cx23885/cx23885-cards.c: disabled non-Free firmware-loading machinery
drivers/media/pci/cx23885/cx23885-cards.c: removed blobs
drivers/media/pci/cx23885/cx23885-video.c: removed blobs

VIDEO_CX25840 - Conexant CX2584x audio/video decoders
drivers/media/i2c/cx25840/cx25840-firmware.c: disabled non-Free firmware-loading machinery
drivers/media/i2c/cx25840/cx25840-firmware.c: removed blobs

VIDEO_CX88_BLACKBIRD - Blackbird MPEG encoder support (cx2388x + cx23416)
drivers/media/pci/cx88/cx88-blackbird.c: disabled non-Free firmware-loading machinery

VIDEO_EM28XX_DVB - DVB/ATSC Support for em28xx based TV cards
drivers/media/usb/em28xx/em28xx-dvb.c: removed blobs

VIDEO_EXYNOS4_FIMC_IS - EXYNOS4x12 FIMC-IS (Imaging Subsystem) driver
drivers/media/platform/exynos4-is/fimc-is.c: disabled non-Free firmware-loading machinery
drivers/media/platform/exynos4-is/fimc-is.h: removed blobs

VIDEO_IPU3_IMGU - Intel ipu3-imgu driver
drivers/staging/media/ipu3/ipu3-css-fw.c: disabled non-Free firmware-loading machinery
drivers/staging/media/ipu3/ipu3-css-fw.h: removed blobs

VIDEO_IVTV - Conexant cx23416/cx23415 MPEG encoder/decoder support
drivers/media/pci/ivtv/ivtv-firmware.c: disabled non-Free firmware-loading machinery
drivers/media/pci/ivtv/ivtv-firmware.c: removed blobs

VIDEO_MEDIATEK_VPU - Mediatek Video Processor Unit
drivers/media/platform/mtk-vpu/mtk_vpu.c: disabled non-Free firmware-loading machinery
drivers/media/platform/mtk-vpu/mtk_vpu.c: removed blobs

VIDEO_MESON_VDEC - Amlogic video decoder driver
drivers/staging/media/meson/vdec/vdec_1.c: disabled non-Free firmware-loading machinery
drivers/staging/media/meson/vdec/vdec_platform.c: removed blobs

VIDEO_PVRUSB2 - Hauppauge WinTV-PVR USB2 support
drivers/media/usb/pvrusb2/pvrusb2-hdw.c: disabled non-Free firmware-loading machinery
drivers/media/usb/pvrusb2/pvrusb2-devattr.c: removed blobs

VIDEO_CX23885, VIDEO_CX88_BLACKBIRD, VIDEO_IVTV, VIDEO_PVRUSB2 - See above
include/media/drv-intf/cx2341x.h: removed blobs

VIDEO_GO7007 - Go 7007 support
drivers/media/usb/go7007/go7007-driver.c: disabled non-Free firmware-loading machinery
drivers/media/usb/go7007/go7007-driver.c: removed blobs
drivers/media/usb/go7007/go7007-fw.c: disabled non-Free firmware-loading machinery
drivers/media/usb/go7007/go7007-fw.c: removed blobs

VIDEO_GO7007_USB_S2250_BOARD - Sensoray 2250/2251 support
drivers/media/usb/go7007/go7007-loader.c: disabled non-Free firmware-loading machinery
drivers/media/usb/go7007/go7007-loader.c: removed blobs

VIDEO_SAA7134_DVB - DVB/ATSC Support for saa7134 based TV cards
drivers/media/pci/saa7134/saa7134-dvb.c: disabled non-Free firmware-loading machinery

VIDEO_SAA7134_GO7007 - go7007 support for saa7134 based TV cards
drivers/media/pci/saa7134/saa7134-go7007.c: removed blobs

VIDEO_SAA7164 - NXP SAA7164 support
drivers/media/pci/saa7164/saa7164-fw.c: disabled non-Free firmware-loading machinery
drivers/media/pci/saa7164/saa7164-fw.c: removed blobs

VIDEO_S5C73M3 - Samsung S5C73M3 sensor support
drivers/media/i2c/s5c73m3/s5c73m3-core.c: disabled non-Free firmware-loading machinery
drivers/media/i2c/s5c73m3/s5c73m3-core.c: removed blobs

VIDEO_S5K4ECGX - Samsung S5K4ECGX sensor support
drivers/media/i2c/s5k4ecgx.c: disabled non-Free firmware-loading machinery
drivers/media/i2c/s5k4ecgx.c: removed blobs

VIDEO_S5K5BAF - Samsung S5K5BAF sensor support
drivers/media/i2c/s5k5baf.c: disabled non-Free firmware-loading machinery
drivers/media/i2c/s5k5baf.c: removed blobs

VIDEO_SAMSUNG_S5P_MFC - Samsung S5P MFC 5.1 Video Codec
drivers/media/platform/s5p-mfc/s5p_mfc_ctrl.c: disabled non-Free firmware-loading machinery
drivers/media/platform/s5p-mfc/s5p_mfc.c: removed blobs

USB_S2255 - USB Sensoray 2255 video capture device
drivers/media/usb/s2255/s2255drv.c: disabled non-Free firmware-loading machinery
drivers/media/usb/s2255/s2255drv.c: removed blobs

USB_GSPCA_VICAM - USB 3com HomeConnect, AKA vicam
drivers/media/usb/gspca/vicam.c: disabled non-Free firmware-loading machinery
drivers/media/usb/gspca/vicam.c: removed blobs

VIDEO_QCOM_VENUS - Qualcomm Venus V4L2 encoder/decoder driver
drivers/media/platform/qcom/venus/firmware.c: disabled non-Free firmware-loading machinery
drivers/media/platform/qcom/venus/core.c: removed blobs

VIDEO_TI_VPE - TI VPE (Video Processing Engine) driver
drivers/media/platform/ti-vpe/vpdma.c: disabled non-Free firmware-loading machinery
drivers/media/platform/ti-vpe/vpdma.c: removed blobs

RADIO_WL1273 - Texas Instruments WL1273 I2C FM Radio
drivers/media/radio/radio-wl1273.c: disabled non-Free firmware-loading machinery
drivers/media/radio/radio-wl1273.c: removed blobs

RADIO_WL128X - Texas Instruments WL128x FM Radio
drivers/media/radio/wl128x/fmdrv_common.h: removed blobs
drivers/media/radio/wl128x/fmdrv_common.c: disabled non-Free firmware-loading machinery
drivers/media/radio/wl128x/fmdrv_common.c: removed blobs

ACENIC - Alteon AceNIC/3Com 3C985/NetGear GA620 Gigabit
drivers/net/ethernet/alteon/acenic.c: disabled non-Free firmware-loading machinery
drivers/net/ethernet/alteon/acenic.c: removed blobs

ADAPTEC_STARFIRE - Adaptec Starfire/DuraLAN support
drivers/net/ethernet/adaptec/starfire.c: disabled non-Free firmware-loading machinery
drivers/net/ethernet/adaptec/starfire.c: removed blobs

BNA - Brocade 1010/1020 10Gb Ethernet Driver support
drivers/net/ethernet/brocade/bna/bnad.c: removed blobs
drivers/net/ethernet/brocade/bna/cna.h: removed blobs
drivers/net/ethernet/brocade/bna/bnad_ethtool.c: disabled non-Free firmware-loading machinery
drivers/net/ethernet/brocade/bna/cna_fwimg.c: disabled non-Free firmware-loading machinery

BNX2 - Broadcom NetXtremeII
drivers/net/ethernet/broadcom/bnx2.c: disabled non-Free firmware-loading machinery
drivers/net/ethernet/broadcom/bnx2.c: removed blobs

BNX2X - Broadcom NetXtremeII 10Gb support
drivers/net/ethernet/broadcom/bnx2x/bnx2x_main.c: disabled non-Free firmware-loading machinery
drivers/net/ethernet/broadcom/bnx2x/bnx2x_main.c: report missing Free firmware
drivers/net/ethernet/broadcom/bnx2x/bnx2x_main.c: removed blobs
drivers/net/ethernet/broadcom/bnx2x/bnx2x_ethtool.c: removed blobs
drivers/net/ethernet/broadcom/bnx2x/bnx2x_cmn.c: fail already-loaded test
drivers/net/ethernet/broadcom/bnx2x/bnx2x_hsi.h: removed blobs
drivers/net/ethernet/broadcom/bnx2x/bnx2x_init_ops.h: declare removed function
drivers/net/ethernet/broadcom/bnx2x/bnx2x_init_ops.h: removed blobs

CASSINI - Sun Cassini
drivers/net/ethernet/sun/cassini.c: disabled non-Free firmware-loading machinery
drivers/net/ethernet/sun/cassini.c: removed blobs

CHELSIO_T3 - Chelsio AEL 2005 support
drivers/net/ethernet/chelsio/cxgb3/cxgb3_main.c: disabled non-Free firmware-loading machinery
drivers/net/ethernet/chelsio/cxgb3/cxgb3_main.c: removed blobs

CHELSIO_T4 - Chelsio Communications T4 Ethernet support
drivers/net/ethernet/chelsio/cxgb4/cxgb4_main.c: disabled non-Free firmware-loading machinery
drivers/net/ethernet/chelsio/cxgb4/cxgb4_main.c: removed blobs

E100 - Intel PRO/100+
drivers/net/ethernet/intel/e100.c: disabled non-Free firmware-loading machinery
drivers/net/ethernet/intel/e100.c: proceed without firmware
drivers/net/ethernet/intel/e100.c: removed blobs

ICE - Intel(R) Ethernet Connection E800 Series Support
drivers/net/ethernet/intel/ice/ice_main.c: disabled silent non-Free firmware-loading machinery
drivers/net/ethernet/intel/ice/ice_main.c: disabled non-Free firmware-loading machinery
drivers/net/ethernet/intel/ice/ice_main.c: removed blobs

LIQUIDIO - Cavium LiquidIO support
drivers/net/ethernet/cavium/liquidio/lio_main.c: disabled non-Free firmware-loading machinery
drivers/net/ethernet/cavium/liquidio/lio_main.c: removed blobs

MLXSW_SPECTRUM - Mellanox Technologies Spectrum support
drivers/net/ethernet/mellanox/mlxsw/spectrum.c: disabled non-Free firmware-loading machinery
drivers/net/ethernet/mellanox/mlxsw/spectrum.c: removed blobs

MYRI10GE - Myricom Myri-10G Ethernet support
drivers/net/ethernet/myricom/myri10ge/myri10ge.c: disabled non-Free firmware-loading machinery
drivers/net/ethernet/myricom/myri10ge/myri10ge.c: removed blobs

NFP - Netronome(R) NFP4000/NFP6000 NIC driver
drivers/net/ethernet/netronome/nfp/nfp_main.c: disabled non-Free firmware-loading machinery
drivers/net/ethernet/netronome/nfp/nfp_main.c: removed blobs
Documentation/networking/device_drivers/netronome/nfp.rst: removed blobs

NETXEN_NIC - NetXen Multi port (1/10) Gigabit Ethernet NIC
drivers/net/ethernet/qlogic/netxen/netxen_nic_init.c: disabled non-Free firmware-loading machinery
drivers/net/ethernet/qlogic/netxen/netxen_nic.h: removed blobs
drivers/net/ethernet/qlogic/netxen/netxen_nic_main.c: removed blobs

QED - QLogic QED 25/40/100Gb core driver
drivers/net/ethernet/qlogic/qed/qed_main.c: disabled non-Free firmware-loading machinery
drivers/net/ethernet/qlogic/qed/qed_main.c: removed blobs

QLCNIC - QLOGIC QLCNIC 1/10Gb Converged Ethernet NIC Support
drivers/net/ethernet/qlogic/qlcnic/qlcnic_init.c: disabled non-Free firmware-loading machinery
drivers/net/ethernet/qlogic/qlcnic/qlcnic_83xx_init.c: disabled non-Free firmware-loading machinery
drivers/net/ethernet/qlogic/qlcnic/qlcnic.h: removed blobs
drivers/net/ethernet/qlogic/qlcnic/qlcnic_83xx_hw.h: removed blobs
drivers/net/ethernet/qlogic/qlcnic/qlcnic_main.c: removed blobs

R8169 - Realtek 8169 gigabit ethernet support
drivers/net/ethernet/realtek/r8169_firmware.c: disabled non-Free firmware-loading machinery
drivers/net/ethernet/realtek/r8169_main.c: removed blobs

SLICOSS - Alacritech Gigabit IS-NIC cards
drivers/net/ethernet/alacritech/slicoss.c: disabled non-Free firmware-loading machinery
drivers/net/ethernet/alacritech/slic.h: removed blobs
drivers/net/ethernet/alacritech/slicoss.c: removed blobs

SPIDER_NET - Spider Gigabit Ethernet driver
drivers/net/ethernet/toshiba/spider_net.c: disabled non-Free firmware-loading machinery
drivers/net/ethernet/toshiba/spider_net.c: removed non-Free firmware notes
drivers/net/ethernet/toshiba/spider_net.c: removed blobs
drivers/net/ethernet/toshiba/spider_net.h: removed blobs

TEHUTI - Tehuti Networks 10G Ethernet
drivers/net/ethernet/tehuti/tehuti.c: disabled non-Free firmware-loading machinery
drivers/net/ethernet/tehuti/tehuti.c: removed blobs

TIGON3 - Broadcom Tigon3
drivers/net/ethernet/broadcom/tg3.c: disabled non-Free firmware-loading machinery
drivers/net/ethernet/broadcom/tg3.c: removed blobs

TYPHOON - 3cr990 series Typhoon
drivers/net/ethernet/3com/typhoon.c: disabled non-Free firmware-loading machinery
drivers/net/ethernet/3com/typhoon.c: removed blobs

VXGE - Exar X3100 Series 10GbE PCIe Server Adapter
drivers/net/ethernet/neterion/vxge/vxge-main.c: disabled non-Free firmware-loading machinery
drivers/net/ethernet/neterion/vxge/vxge-main.c: removed blobs

COPS - COPS LocalTalk PC
drivers/net/appletalk/cops.c: report missing Free firmware
drivers/net/appletalk/cops.c: removed blobs
drivers/net/appletalk/cops_ffdrv.h: removed
drivers/net/appletalk/cops_ltdrv.h: removed

YAM - YAM driver for AX.25
drivers/net/hamradio/yam.c: disabled non-Free firmware-loading machinery
drivers/net/hamradio/yam.c: removed blobs

PCMCIA_SMC91C92 - SMC 91Cxx PCMCIA
drivers/net/ethernet/smsc/smc91c92_cs.c: disabled non-Free firmware-loading machinery
drivers/net/ethernet/smsc/smc91c92_cs.c: removed blobs

NFC_FDP - Intel FDP NFC driver
drivers/nfc/fdp/fdp.c: disabled non-Free firmware-loading machinery
drivers/nfc/fdp/fdp.c: removed blobs

NFC_MRVL - Marvell NFC core driver
drivers/nfc/nfcmrvl/fw_dnld.c: disabled non-Free firmware-loading machinery

NFC_NXP_NCI - NXP-NCI NFC driver
drivers/nfc/nxp-nci/firmware.c: disabled non-Free firmware-loading machinery

NFC_PN544_I2C - NFC PN544 i2c support
drivers/nfc/pn544/i2c.c: disabled non-Free firmware-loading machinery

NFC_S3FWRN5 - Core driver for Samsung S3FWRN5 NFC chip
drivers/nfc/s3fwrn5/core.c: removed blobs
drivers/nfc/s3fwrn5/firmware.c: disabled non-Free firmware-loading machinery
drivers/nfc/s3fwrn5/nci.c: disabled non-Free firmware-loading machinery

USB_KAWETH - USB KLSI KL5USB101-based ethernet device support
drivers/net/usb/kaweth.c: disabled non-Free firmware-loading machinery
drivers/net/usb/kaweth.c: removed blobs

ATMEL Atmel at76c50x chipset  802.11b support
drivers/net/wireless/atmel/atmel.c: disabled non-Free firmware-loading machinery
drivers/net/wireless/atmel/atmel.c: removed blobs

AT76C50X_USB - Atmel at76c503/at76c505/at76c505a USB cards
drivers/net/wireless/atmel/at76c50x-usb.c: disabled non-Free firmware-loading machinery
drivers/net/wireless/atmel/at76c50x-usb.c: removed blobs

B43 - Broadcom 43xx wireless support (mac80211 stack)
drivers/net/wireless/broadcom/b43/main.c: retain Free firmware-loading machinery, disabling non-Free one
drivers/net/wireless/broadcom/b43/main.c: double-check and reject non-Free firmware
drivers/net/wireless/broadcom/b43/main.c: cleaned up blob basenames
drivers/net/wireless/broadcom/b43/main.c: removed blobs

B43LEGACY - Broadcom 43xx-legacy wireless support (mac80211 stack)
drivers/net/wireless/broadcom/b43legacy/main.c: disabled non-Free firmware-loading machinery
drivers/net/wireless/broadcom/b43legacy/main.c: cleaned up blob basenames
drivers/net/wireless/broadcom/b43legacy/main.c: removed blobs

BRCMSMAC - Broadcom IEEE802.11n PCIe SoftMAC WLAN driver
drivers/net/wireless/broadcom/brcm80211/brcmsmac/mac80211_if.c: disabled non-Free firmware-loading machinery
drivers/net/wireless/broadcom/brcm80211/brcmsmac/mac80211_if.c: removed blobs

BRCMFMAC - Broadcom IEEE802.11n embedded FullMAC WLAN driver
drivers/net/wireless/broadcom/brcm80211/brcmfmac/firmware.c: disabled non-Free firmware-loading machinery
drivers/net/wireless/broadcom/brcm80211/brcmfmac/common.c: disabled silent non-Free firmware-loading machinery
drivers/net/wireless/broadcom/brcm80211/brcmfmac/feature.c: removed blobs
drivers/net/wireless/broadcom/brcm80211/brcmfmac/firmware.h: removed blobs

BRCMFMAC_SDIO - Broadcom IEEE802.11n SDIO FullMAC WLAN driver
drivers/net/wireless/broadcom/brcm80211/brcmfmac/sdio.c: removed blobs

BRCMFMAC_USB - Broadcom IEEE802.11n USB FullMAC WLAN driver
drivers/net/wireless/broadcom/brcm80211/brcmfmac/usb.c: removed blobs

BRCMFMAC_PCIE - Broadcom IEEE802.11n PCIE FullMAC WLAN driver
drivers/net/wireless/broadcom/brcm80211/brcmfmac/pcie.c: removed blobs

HERMES - Hermes chipset 802.11b support (Orinoco/Prism2/Symbol)
drivers/net/wireless/intersil/orinoco/fw.c: disabled non-Free firmware-loading machinery
drivers/net/wireless/intersil/orinoco/fw.c: removed blobs

ORINOCO_USB - Agere Orinoco USB support
drivers/net/wireless/intersil/orinoco/orinoco_usb.c: disabled non-Free firmware-loading machinery
drivers/net/wireless/intersil/orinoco/orinoco_usb.c: removed blobs

IPW2100 - Intel PRO/Wireless 2100 Network Connection
drivers/net/wireless/intel/ipw2x00/ipw2100.c: disabled non-Free firmware-loading machinery
drivers/net/wireless/intel/ipw2x00/ipw2100.c: removed blobs

IPW2200 - Intel PRO/Wireless 2200BG and 2915ABG Network Connection
drivers/net/wireless/intel/ipw2x00/ipw2200.c: disabled non-Free firmware-loading machinery
drivers/net/wireless/intel/ipw2x00/ipw2200.c: removed blobs

IWL3945 - Intel PRO/Wireless 3945ABG/BG Network Connection
drivers/net/wireless/intel/iwlegacy/3945-mac.c: disabled non-Free firmware-loading machinery
drivers/net/wireless/intel/iwlegacy/3945-mac.c: removed blobs
drivers/net/wireless/intel/iwlegacy/3945.h: removed blobs

IWL4965 - Intel Wireless WiFi 4965AGN
drivers/net/wireless/intel/iwlegacy/4965-mac.c: disabled non-Free firmware-loading machinery
drivers/net/wireless/intel/iwlegacy/4965-mac.c: removed blobs
drivers/net/wireless/intel/iwlegacy/4965.c: removed blobs

IWLWIFI - Intel Wireless WiFi Next Gen AGN
drivers/net/wireless/intel/iwlwifi/iwl-nvm-parse.c: disabled non-Free firmware-loading machinery
drivers/net/wireless/intel/iwlwifi/iwl-drv.c: disabled non-Free firmware-loading machinery
drivers/net/wireless/intel/iwlwifi/iwl-dbg-tlv.c: disabled non-Free firmware-loading machinery
drivers/net/wireless/intel/iwlwifi/iwl-drv.c: removed blobs
drivers/net/wireless/intel/iwlwifi/iwl-dbg-tlv.c: removed blobs

IWLDVM - Intel Wireless WiFi DVM Firmware support
drivers/net/wireless/intel/iwlwifi/cfg/1000.c: removed blobs
drivers/net/wireless/intel/iwlwifi/cfg/2000.c: removed blobs
drivers/net/wireless/intel/iwlwifi/cfg/5000.c: removed blobs
drivers/net/wireless/intel/iwlwifi/cfg/6000.c: removed blobs

IWLMVM - Intel Wireless WiFi MVM Firmware support
drivers/net/wireless/intel/iwlwifi/cfg/7000.c: removed blobs
drivers/net/wireless/intel/iwlwifi/cfg/8000.c: removed blobs
drivers/net/wireless/intel/iwlwifi/cfg/9000.c: removed blobs
drivers/net/wireless/intel/iwlwifi/cfg/22000.c: removed blobs

KS7010 - KeyStream KS7010 SDIO support
drivers/staging/ks7010/ks7010_sdio.c: disabled non-Free firmware-loading machinery
drivers/staging/ks7010/ks7010_sdio.c: removed blobs

LIBERTAS - Marvell 8xxx Libertas WLAN driver support
drivers/net/wireless/marvell/libertas/firmware.c: disabled non-Free firmware-loading machinery

LIBERTAS_CS - Marvell Libertas 8385 CompactFlash 802.11b/g cards
drivers/net/wireless/marvell/libertas/if_cs.c: removed blobs

LIBERTAS_SDIO - Marvell Libertas 8385 and 8686 SDIO 802.11b/g cards
drivers/net/wireless/marvell/libertas/if_sdio.c: removed blobs

LIBERTAS_SPI - Marvell Libertas 8686 SPI 802.11b/g cards
drivers/net/wireless/marvell/libertas/if_spi.c: removed blobs

LIBERTAS_USB - Marvell Libertas 8388 USB 802.11b/g cards
drivers/net/wireless/marvell/libertas/if_usb.c: removed blobs
drivers/net/wireless/marvell/libertas/README: removed blobs

LIBERTAS_THINFIRM_USB - Marvell Libertas 8388 USB 802.11b/g cards with thin firmware
drivers/net/wireless/marvell/libertas_tf/if_usb.c: disabled non-Free firmware-loading machinery
drivers/net/wireless/marvell/libertas_tf/if_usb.c: removed blobs

MT7601U - MediaTek MT7601U (USB) support
drivers/net/wireless/mediatek/mt7601u/mcu.c: disabled non-Free firmware-loading machinery
drivers/net/wireless/mediatek/mt7601u/usb.c: removed blobs
drivers/net/wireless/mediatek/mt7601u/usb.h: removed blobs

MT76x0_COMMON - MediaTek MT76x0E/U support
drivers/net/wireless/mediatek/mt76/mt76x0/mt76x0.h: removed blobs

MT76x0E - MediaTek MT76x0E (PCIe) support
drivers/net/wireless/mediatek/mt76/mt76x0/pci_mcu.c: disabled non-Free firmware-loading machinery
drivers/net/wireless/mediatek/mt76/mt76x0/pci.c: removed blobs

MT76x0U - MediaTek MT76x0U (USB) support
drivers/net/wireless/mediatek/mt76/mt76x0/usb_mcu.c: disabled silent non-Free firmware-loading machinery
drivers/net/wireless/mediatek/mt76/mt76x0/usb_mcu.c: disabled non-Free firmware-loading machinery
drivers/net/wireless/mediatek/mt76/mt76x0/usb.c: removed blobs

MT76x2E - MediaTek MT76x2E (PCIe) support
drivers/net/wireless/mediatek/mt76/mt76x2/pci_mcu.c: disabled non-Free firmware-loading machinery
drivers/net/wireless/mediatek/mt76/mt76x2/mt76x2.h: removed blobs
drivers/net/wireless/mediatek/mt76/mt76x2/pci.c: removed blobs

MT76x2U - MediaTek MT76x2U (USB) support
drivers/net/wireless/mediatek/mt76/mt76x2/usb_mcu.c: disabled non-Free firmware-loading machinery
drivers/net/wireless/mediatek/mt76/mt76x2/usb.c: removed blobs

MT7603E - MediaTek MT7603E (PCIe) and MT76x8 WLAN support
drivers/net/wireless/mediatek/mt76/mt7603/mcu.c: disabled non-Free firmware-loading machinery
drivers/net/wireless/mediatek/mt76/mt7603/mt7603.h: removed blobs
drivers/net/wireless/mediatek/mt76/mt7603/pci.c: removed blobs
drivers/net/wireless/mediatek/mt76/mt7603/soc.c: removed blobs

MT7615E - MediaTek MT7615E (PCIe) support
drivers/net/wireless/mediatek/mt76/mt7615/mcu.c: disabled non-Free firmware-loading machinery
drivers/net/wireless/mediatek/mt76/mt7615/mt7615.h: removed blobs
drivers/net/wireless/mediatek/mt76/mt7615/pci.c: removed blobs

MWIFIEX - Marvell WiFi-Ex Driver
drivers/net/wireless/marvell/mwifiex/README: removed blobs
drivers/net/wireless/marvell/mwifiex/main.c: disabled non-Free firmware-loading machinery
drivers/net/wireless/marvell/mwifiex/main.c: removed blobs

MWIFIEX_SDIO - Marvell WiFi-Ex Driver for SD8787
drivers/net/wireless/marvell/mwifiex/sdio.h: removed blobs
drivers/net/wireless/marvell/mwifiex/sdio.c: removed blobs

MWIFIEX_PCIE - Marvell WiFi-Ex Driver for PCI 8766
drivers/net/wireless/marvell/mwifiex/pcie.h: removed blobs

MWIFIEX_USB - Marvell WiFi-Ex Driver for USB8797
drivers/net/wireless/marvell/mwifiex/usb.h: removed blobs
drivers/net/wireless/marvell/mwifiex/usb.c: removed blobs

MWL8K - Marvell 88W8xxx PCI/PCIe Wireless support
drivers/net/wireless/marvell/mwl8k.c: disabled non-Free firmware-loading machinery
drivers/net/wireless/marvell/mwl8k.c: removed blobs

AR5523 - Atheros AR5523 wireless driver support
drivers/net/wireless/ath/ar5523/ar5523.c: disabled non-Free firmware-loading machinery
drivers/net/wireless/ath/ar5523/ar5523.c: removed blobs
drivers/net/wireless/ath/ar5523/ar5523.h: removed blobs

ATH6KL - Atheros ath6kl support
drivers/net/wireless/ath/ath6kl/init.c: disabled non-Free firmware-loading machinery
drivers/net/wireless/ath/ath6kl/init.c: removed blobs
drivers/net/wireless/ath/ath6kl/core.h: removed blobs

ATH6KL_SDIO - Atheros ath6kl SDIO support
drivers/net/wireless/ath/ath6kl/sdio.c: removed blobs

ATH6KL_USB - Atheros ath6kl USB support
drivers/net/wireless/ath/ath6kl/usb.c: removed blobs

ATH10K - Atheros 802.11ac wireless cards support
drivers/net/wireless/ath/ath10k/core.c: disabled silent non-Free firmware-loading machinery
drivers/net/wireless/ath/ath10k/core.c: removed blobs
drivers/net/wireless/ath/ath10k/hw.h: removed blobs
Documentation/devicetree/bindings/net/wireless/qcom,ath10k.txt: removed blobs

ATH10K NL80211_TESTMODE - nl80211 testmode command
drivers/net/wireless/ath/ath10k/testmode.c: disabled silent non-Free firmware-loading machinery
drivers/net/wireless/ath/ath10k/testmode.c: removed blob name in comment
drivers/net/wireless/ath/ath10k/testmode.c: removed blobs

ATH10K_PCI - Atheros ath10k PCI support
drivers/net/wireless/ath/ath10k/pci.c: removed blobs

WIL6210 - Wilocity 60g WiFi card wil6210 support
drivers/net/wireless/ath/wil6210/fw_inc.c: disabled non-Free firmware-loading machinery
drivers/net/wireless/ath/wil6210/fw.c: removed blobs
drivers/net/wireless/ath/wil6210/wil6210.h: removed blobs

CW1200 - CW1200 WLAN support
drivers/net/wireless/st/cw1200/fwio.c: disabled non-Free firmware-loading machinery
drivers/net/wireless/st/cw1200/fwio.h: removed blobs
drivers/net/wireless/st/cw1200/sta.c: disabled non-Free firmware-loading machinery

CW1200_WLAN_SDIO - Support SDIO platforms
drivers/net/wireless/st/cw1200/cw1200_sdio.c: removed blobs

PRISM2_USB - Prism2.5/3 USB driver
drivers/staging/wlan-ng/prism2fw.c: disabled non-Free firmware-loading machinery
drivers/staging/wlan-ng/prism2fw.c: removed blobs

P54_PCI - Prism54 PCI support
drivers/net/wireless/intersil/p54/p54pci.c: disabled non-Free firmware-loading machinery
drivers/net/wireless/intersil/p54/p54pci.c: removed blobs
drivers/net/wireless/intersil/p54/Kconfig: removed blob name

P54_SPI - Prism54 SPI (stlc45xx) support
drivers/net/wireless/intersil/p54/p54spi.c: disabled non-Free firmware-loading machinery
drivers/net/wireless/intersil/p54/p54spi.c: removed blobs

P54_USB - Prism54 USB support
drivers/net/wireless/intersil/p54/p54usb.c: disabled non-Free firmware-loading machinery
drivers/net/wireless/intersil/p54/p54usb.c: removed blobs
drivers/net/wireless/intersil/p54/p54usb.h: removed blobs

PRISM54 - Intersil Prism GT/Duette/Indigo PCI/Cardbus
drivers/net/wireless/intersil/prism54/islpci_dev.c: disabled non-Free firmware-loading machinery
drivers/net/wireless/intersil/prism54/islpci_dev.c: removed blobs

QTNFMAC_PCIE - Quantenna QSR1000/QSR2000/QSR10g PCIe support
drivers/net/wireless/quantenna/qtnfmac/pcie/pearl_pcie.c: disabled non-Free firmware-loading machinery
drivers/net/wireless/quantenna/qtnfmac/pcie/topaz_pcie.c: disabled non-Free firmware-loading machinery
drivers/net/wireless/quantenna/qtnfmac/qtn_hw_ids.h: removed blobs

RSI_91X - Redpine Signals Inc 91x WLAN driver support
drivers/net/wireless/rsi/rsi_91x_hal.c: disabled non-Free firmware-loading machinery
drivers/net/wireless/rsi/rsi_common.h: removed blobs
drivers/net/wireless/rsi/rsi_91x_hal.c: removed blobs

RSI_SDIO - Redpine Signals SDIO bus support
drivers/net/wireless/rsi/rsi_91x_sdio.c: removed blobs

RSI_USB - Redpine Signals USB bus support
drivers/net/wireless/rsi/rsi_91x_usb.c: removed blobs

RT2X00_LIB_FIRMWARE - Ralink driver firmware support
drivers/net/wireless/ralink/rt2x00/rt2x00firmware.c: disabled non-Free firmware-loading machinery

RT61PCI - Ralink rt2501/rt61 (PCI/PCMCIA) support
drivers/net/wireless/ralink/rt2x00/rt61pci.h: removed blobs
drivers/net/wireless/ralink/rt2x00/rt61pci.c: removed blobs

RT73USB - Ralink rt2501/rt73 (USB) support
drivers/net/wireless/ralink/rt2x00/rt73usb.h: removed blobs
drivers/net/wireless/ralink/rt2x00/rt73usb.c: removed blobs

RT2800PCI - Ralink rt2800 (PCI/PCMCIA) support
drivers/net/wireless/ralink/rt2x00/rt2800pci.h: removed blobs
drivers/net/wireless/ralink/rt2x00/rt2800pci.c: removed blobs

RT2800USB - Ralink rt2800 (USB) support
drivers/net/wireless/ralink/rt2x00/rt2800usb.h: removed blobs
drivers/net/wireless/ralink/rt2x00/rt2800usb.c: removed blobs

RTL8XXXU - RTL8723AU/RTL8188[CR]U/RTL819[12]CU (mac80211) support
drivers/net/wireless/realtek/rtl8xxxu/rtl8xxxu_core.c: disabled non-Free firmware-loading machinery
drivers/net/wireless/realtek/rtl8xxxu/rtl8xxxu_core.c: removed blobs
drivers/net/wireless/realtek/rtl8xxxu/rtl8xxxu_8192c.c: removed blobs
drivers/net/wireless/realtek/rtl8xxxu/rtl8xxxu_8192e.c: removed blobs
drivers/net/wireless/realtek/rtl8xxxu/rtl8xxxu_8723a.c: removed blobs
drivers/net/wireless/realtek/rtl8xxxu/rtl8xxxu_8723b.c: removed blobs

RTLWIFI - Realtek Wireless Network Adapters
drivers/net/wireless/realtek/rtlwifi/core.c: disabled non-Free firmware-loading machinery

RTL8188EE - Realtek RTL8188EE Wireless Network Adapter
drivers/net/wireless/realtek/rtlwifi/rtl8188ee/sw.c: disabled non-Free firmware-loading machinery
drivers/net/wireless/realtek/rtlwifi/rtl8188ee/sw.c: removed blobs

R8188EU - Realtek RTL8188EU Wireless LAN NIC driver
drivers/staging/rtl8188eu/hal/fw.c: disabled non-Free firmware-loading machinery
drivers/staging/rtl8188eu/hal/fw.c: removed blobs
drivers/staging/rtl8188eu/include/rtl8188e_hal.h: removed blobs
drivers/staging/rtl8188eu/os_dep/os_intfs.c: removed blobs

RTL8192CE - Realtek RTL8192CE/RTL8188CE Wireless Network Adapter
drivers/net/wireless/realtek/rtlwifi/rtl8192ce/sw.c: disabled non-Free firmware-loading machinery
drivers/net/wireless/realtek/rtlwifi/rtl8192ce/sw.c: removed blobs

RTL8192CU - Realtek RTL8192CU/RTL8188CU USB Wireless Network Adapter
drivers/net/wireless/realtek/rtlwifi/rtl8192cu/sw.c: disabled non-Free firmware-loading machinery
drivers/net/wireless/realtek/rtlwifi/rtl8192cu/sw.c: removed blobs

RTL8192DE - Realtek RTL8192DE/RTL8188DE PCIe Wireless Network Adapter
drivers/net/wireless/realtek/rtlwifi/rtl8192de/sw.c: disabled non-Free firmware-loading machinery
drivers/net/wireless/realtek/rtlwifi/rtl8192de/sw.c: removed blobs

RTL8192SE - Realtek RTL8192SE/RTL8191SE PCIe Wireless Network Adapter
drivers/net/wireless/realtek/rtlwifi/rtl8192se/sw.c: disabled non-Free firmware-loading machinery
drivers/net/wireless/realtek/rtlwifi/rtl8192se/sw.c: removed blobs

RTL8192E - RealTek RTL8192E Wireless LAN NIC driver
drivers/staging/rtl8192e/rtl8192e/r8192E_firmware.c: disabled non-Free firmware-loading machinery
drivers/staging/rtl8192e/rtl8192e/r8192E_firmware.h: removed blobs
drivers/staging/rtl8192e/rtl8192e/rtl_core.c: removed blobs

RTL8192EE - RealTek RTL8192EE Wireless Network Adapter
drivers/net/wireless/realtek/rtlwifi/rtl8192ee/sw.c: disabled non-Free firmware-loading machinery
drivers/net/wireless/realtek/rtlwifi/rtl8192ee/sw.c: removed blobs

RTL8192U - RealTek RTL8192U Wireless LAN NIC driver
drivers/staging/rtl8192u/r819xU_firmware.c: disabled non-Free firmware-loading machinery
drivers/staging/rtl8192u/r819xU_firmware.c: removed blobs

R8712U - RealTek RTL8712U (RTL8192SU) Wireless LAN NIC driver
drivers/staging/rtl8712/hal_init.c: disabled non-Free firmware-loading machinery
drivers/staging/rtl8712/hal_init.c: removed blobs

RTL8723AE - Realtek RTL8723AE PCIe Wireless Network Adapter
drivers/net/wireless/realtek/rtlwifi/rtl8723ae/sw.c: disabled non-Free firmware-loading machinery
drivers/net/wireless/realtek/rtlwifi/rtl8723ae/sw.c: removed blobs

RTL8723BE - Realtek RTL8723BE PCIe Wireless Network Adapter
drivers/net/wireless/realtek/rtlwifi/rtl8723be/sw.c: disabled non-Free firmware-loading machinery
drivers/net/wireless/realtek/rtlwifi/rtl8723be/sw.c: removed blobs

RTL8723BS - Realtek RTL8723BS SDIO Wireless LAN NIC driver
drivers/staging/rtl8723bs/hal/rtl8723b_hal_init.c: disabled non-Free firmware-loading machinery
drivers/staging/rtl8723bs/hal/rtl8723b_hal_init.c: removed blobs
drivers/staging/rtl8723bs/include/rtl8723b_hal.h: removed blobs

RTL8821AE - Realtek RTL8821AE/RTL8812AE Wireless LAN NIC driver
drivers/net/wireless/realtek/rtlwifi/rtl8821ae/sw.c: disabled non-Free firmware-loading machinery
drivers/net/wireless/realtek/rtlwifi/rtl8821ae/sw.c: removed blobs

RTW88 - Realtek 802.11ac wireless chips support
drivers/net/wireless/realtek/rtw88/main.c: disabled non-Free firmware-loading machinery

RTW88_8822BE - Realtek 8822BE PCI wireless network adapter
drivers/net/wireless/realtek/rtw88/rtw8822b.c: removed blobs

RTW88_8822CE - Realtek 8822CE PCI wireless network adaptar
drivers/net/wireless/realtek/rtw88/rtw8822c.c: removed blobs

VT6656 - VIA Technologies VT6656 support
drivers/staging/vt6656/firmware.c: disabled non-Free firmware-loading machinery
drivers/staging/vt6656/firmware.c: removed blobs

WL1251 - TI wl1251 support
drivers/net/wireless/ti/wl1251/main.c: disabled non-Free firmware-loading machinery
drivers/net/wireless/ti/wl1251/main.c: removed blobs
drivers/net/wireless/ti/wl1251/wl1251.h: removed blobs

WL12XX - TI wl12xx support
drivers/net/wireless/ti/wl12xx/main.c: removed blobs

WL18XX - TI wl18xx support
drivers/net/wireless/ti/wl18xx/main.c: disabled non-Free firmware-loading machinery
drivers/net/wireless/ti/wl18xx/main.c: removed blobs

WLCORE - TI wlcore support
drivers/net/wireless/ti/wlcore/main.c: disabled non-Free firmware-loading machinery

WLCORE_SDIO - TI wlcore SDIO support
drivers/net/wireless/ti/wlcore/sdio.c: removed blobs

WLCORE_SPI - TI wlcore SPI support
drivers/net/wireless/ti/wlcore/spi.c: removed blobs

USB_ZD1201 - USB ZD1201 based Wireless device support
drivers/net/wireless/zydas/zd1201.c: disabled non-Free firmware-loading machinery
drivers/net/wireless/zydas/zd1201.c: removed blobs

WCN36XX - Qualcomm Atheros WCN3660/3680 support
drivers/net/wireless/ath/wcn36xx/smd.c: disabled non-Free firmware-loading machinery
drivers/net/wireless/ath/wcn36xx/wcn36xx.h: removed blobs
drivers/net/wireless/ath/wcn36xx/main.c: removed blobs

WILC1000 - WILC1000 support (WiFi only)
drivers/staging/wilc1000/wilc_netdev.c: disabled non-Free firmware-loading machinery
drivers/staging/wilc1000/Makefile: removed blobs
drivers/staging/wilc1000/Makefile: quote deblobbing markers

ZD1211RW - ZyDAS ZD1211/ZD1211B USB-wireless support
drivers/net/wireless/zydas/zd1211rw/zd_usb.c: disabled non-Free firmware-loading machinery
drivers/net/wireless/zydas/zd1211rw/zd_usb.c: removed blobs

IEEE802154_ADF7242 - ADF7242 transceiver driver
drivers/net/ieee802154/adf7242.c: disabled non-Free firmware-loading machinery
drivers/net/ieee802154/adf7242.c: removed blobs

BT_ATH3K - Atheros firmware download driver
drivers/bluetooth/ath3k.c: disabled non-Free firmware-loading machinery
drivers/bluetooth/ath3k.c: removed blobs

BT_BCM - Broadcom protocol support
drivers/bluetooth/btbcm.c: disabled non-Free firmware-loading machinery
drivers/bluetooth/btbcm.c: removed blobs

BT_HCIBCM203X - HCI BCM203x USB driver
drivers/bluetooth/bcm203x.c: disabled non-Free firmware-loading machinery
drivers/bluetooth/bcm203x.c: removed blobs

BT_HCIUART_AG6XX - Intel AG6XX protocol support
drivers/bluetooth/hci_ag6xx.c: disabled non-Free firmware-loading machinery
drivers/bluetooth/hci_ag6xx.c: removed blobs

BT_HCIUART_BCM - Broadcom protocol support
drivers/bluetooth/hci_bcm.c: disabled non-Free firmware-loading machinery

BT_HCIUART_LL - HCILL protocol support
drivers/bluetooth/hci_ll.c: disabled non-Free firmware-loading machinery
drivers/bluetooth/hci_ll.c: removed blobs

BT_HCIUART_MRVL - Marvell protocol support
drivers/bluetooth/hci_mrvl.c: disabled non-Free firmware-loading machinery
drivers/bluetooth/hci_mrvl.c: removed blobs

BT_HCIUART_NOKIA - UART Nokia H4+ protocol support
drivers/bluetooth/hci_nokia.c: disabled non-Free firmware-loading machinery
drivers/bluetooth/hci_nokia.c: removed blobs

BT_HCIBFUSB - HCI BlueFRITZ! USB driver
drivers/bluetooth/bfusb.c: disabled non-Free firmware-loading machinery
drivers/bluetooth/bfusb.c: removed blobs

BT_HCIBT3C - HCI BT3C (PC Card) driver
drivers/bluetooth/bt3c_cs.c: disabled non-Free firmware-loading machinery
drivers/bluetooth/bt3c_cs.c: removed blobs

BT_HCIBTUSB - HCI USB driver
drivers/bluetooth/btusb.c: disabled non-Free firmware-loading machinery
drivers/bluetooth/btusb.c: removed blobs

BT_INTEL - Bluetooth support for Intel devices
drivers/bluetooth/btintel.c: disabled non-Free firmware-loading machinery
drivers/bluetooth/btintel.c: removed blobs

BT_HCIUART_INTEL - Intel protocol support
drivers/bluetooth/hci_intel.c: disabled non-Free firmware-loading machinery
drivers/bluetooth/hci_intel.c: removed blobs

BT_MRVL_SDIO - Marvell BT-over-SDIO driver
drivers/bluetooth/btmrvl_sdio.c: disabled non-Free firmware-loading machinery
drivers/bluetooth/btmrvl_sdio.c: removed blobs
Documentation/admin-guide/btmrvl.rst: removed blobs

BT_MTKSDIO - MediaTek HCI SDIO driver
drivers/bluetooth/btmtksdio.c: disabled non-Free firmware-loading machinery
drivers/bluetooth/btmtksdio.c: removed blobs

BT_MTKUART - MediaTek HCI UART driver
drivers/bluetooth/btmtkuart.c: disabled non-Free firmware-loading machinery
drivers/bluetooth/btmtkuart.c: removed blobs

BT_QCA - Bluetooh support for Qualcomm/Atheros devices
drivers/bluetooth/btqca.c: disabled non-Free firmware-loading machinery
drivers/bluetooth/btqca.c: removed blobs
Documentation/devicetree/bindings/net/qualcomm-bluetooth.txt: removed blobs

BT_RTL - Bluetooth support for Realtek devices
drivers/bluetooth/btrtl.c: disabled non-Free firmware-loading machinery
drivers/bluetooth/btrtl.c: removed blobs

TI_ST - Texas Instruments shared transport line discipline
drivers/misc/ti-st/st_kim.c: disabled non-Free firmware-loading machinery
drivers/misc/ti-st/st_kim.c: removed blobs

WIMAX_I2400M - Intel Wireless WiMAX Connection 2400
drivers/net/wimax/i2400m/fw.c: disabled non-Free firmware-loading machinery
drivers/net/wimax/i2400m/usb.c: removed blobs
Documentation/admin-guide/wimax/i2400m.rst: removed blobs

INFINIBAND_HFI1 - Intel OPA Gen1 support
drivers/infiniband/hw/hfi1/firmware.c: disabled non-Free firmware-loading machinery
drivers/infiniband/hw/hfi1/firmware.c: removed blobs
drivers/infiniband/hw/hfi1/platform.c: disabled non-Free firmware-loading machinery
drivers/infiniband/hw/hfi1/platform.c: removed blobs

INFINIBAND_QIB - QLogic PCIe HCA support
drivers/infiniband/hw/qib/qib_sd7220.c: disabled non-Free firmware-loading machinery
drivers/infiniband/hw/qib/qib_sd7220.c: removed blobs

CAN_SOFTING - Softing Gmbh CAN generic support
drivers/net/can/softing/softing_fw.c: disabled non-Free firmware-loading machinery

CAN_SOFTING_CS - Softing Gmbh CAN pcmcia cards
drivers/net/can/softing/softing_cs.c: removed blobs
drivers/net/can/softing/softing_platform.h: removed blobs
drivers/net/can/softing/Kconfig: removed firmware notes

NET_DSA_LANTIQ_GSWIP - Lantiq / Intel GSWIP
drivers/net/dsa/lantiq_gswip.c: disabled non-Free firmware-loading machinery
drivers/net/dsa/lantiq_gswip.c: removed blobs

MICROSEMI_PHY - Microsemi PHYs
drivers/net/phy/mscc.c: disabled non-Free firmware-loading machinery
drivers/net/phy/mscc.c: removed blobs

MISDN_SPEEDFAX - Support for Sedlbauer Speedfax+
drivers/isdn/hardware/mISDN/speedfax.c: disabled non-Free firmware-loading machinery
drivers/isdn/hardware/mISDN/speedfax.c: removed blobs

SERIAL_ICOM - IBM Multiport Serial Adapter
drivers/tty/serial/icom.c: disabled non-Free firmware-loading machinery
drivers/tty/serial/icom.c: removed blobs

SERIAL_QE - Freescale QUICC Engine serial port support
drivers/tty/serial/ucc_uart.c: disabled non-Free firmware-loading machinery
drivers/tty/serial/ucc_uart.c: removed blobs

SERIAL_RP2 - Comtrol RocketPort EXPRESS/INFINITY support
drivers/tty/serial/rp2.c: disabled non-Free firmware-loading machinery
drivers/tty/serial/rp2.c: removed blobs

LEDS_LP55XX_COMMON - Common Driver for TI/National LP5521 and LP5523/55231
drivers/leds/leds-lp55xx-common.c: disabled non-Free firmware-loading machinery

LEDS_LP5521 - LED Support for N.S. LP5521 LED driver chip

LEDS_LP5523 - LED Support for TI/National LP5523/55231 LED driver chip

MOUSE_CYAPA - Cypress APA I2C Trackpad support
drivers/input/mouse/cyapa.c: removed blobs

MOUSE_ELAN_I2C - ELAN I2C Touchpad support
drivers/input/mouse/elan_i2c_core.c: disabled non-Free firmware-loading machinery
drivers/input/mouse/elan_i2c.h: removed blobs

TOUCHSCREEN_CHIPONE_ICN8505 - chipone icn8505 touchscreen controller
drivers/input/touchscreen/chipone_icn8505.c: disabled non-Free firmware-loading machinery
drivers/input/touchscreen/chipone_icn8505.c: removed blobs

TOUCHSCREEN_ELAN - Elan eKTH I2C touchscreen
drivers/input/touchscreen/elants_i2c.c: disabled non-Free firmware-loading machinery
drivers/input/touchscreen/elants_i2c.c: removed blobs

TOUCHSCREEN_ATMEL_MXT - Atmel mXT I2C Touchscreen
drivers/input/touchscreen/atmel_mxt_ts.c: disabled non-Free firmware-loading machinery
drivers/input/touchscreen/atmel_mxt_ts.c: removed blobs

TOUCHSCREEN_GOODIX - Goodix I2C touchscreen
drivers/input/touchscreen/goodix.c: disabled non-Free firmware-loading machinery
drivers/input/touchscreen/goodix.c: removed blobs

TOUCHSCREEN_HIDEEP - HiDeep Touch IC
drivers/input/touchscreen/hideep.c: disabled non-Free firmware-loading machinery
drivers/input/touchscreen/hideep.c: removed blobs

TOUCHSCREEN_IQS5XX - Azoteq IQS550/572/525 trackpad/touchscreen controller
drivers/input/touchscreen/iqs5xx.c: disabled non-Free firmware-loading machinery

TOUCHSCREEN_MELFAS_MIP4 - MELFAS MIP4 Touchscreen
drivers/input/touchscreen/melfas_mip4.c: disabled non-Free firmware-loading machinery
drivers/input/touchscreen/melfas_mip4.c: removed blobs

TOUCHSCREEN_RM_TS - Raydium I2C Touchscreen
drivers/input/touchscreen/raydium_i2c_ts.c: disabled non-Free firmware-loading machinery
drivers/input/touchscreen/raydium_i2c_ts.c: removed blobs

TOUCHSCREEN_ROHM_BU21023 - ROHM BU21023/24 Dual touch support resistive touchscreens
drivers/input/touchscreen/rohm_bu21023.c: disabled non-Free firmware-loading machinery
drivers/input/touchscreen/rohm_bu21023.c: removed blobs

TOUCHSCREEN_SILEAD - Silead I2C touchscreen
drivers/input/touchscreen/silead.c: disabled non-Free firmware-loading machinery
drivers/input/touchscreen/silead.c: removed blobs

TOUCHSCREEN_DMI - DMI based touchscreen configuration info
drivers/platform/x86/touchscreen_dmi.c: removed blobs

TOUCHSCREEN_WDT87XX_I2C - Weida HiTech I2C touchscreen
drivers/input/touchscreen/wdt87xx_i2c.c: disabled non-Free firmware-loading machinery
drivers/input/touchscreen/wdt87xx_i2c.c: removed blobs

INPUT_IMS_PCU - IMS Passenger Control Unit driver
drivers/input/misc/ims-pcu.c: disabled non-Free firmware-loading machinery
drivers/input/misc/ims-pcu.c: removed blobs

INTEL_ISH_FIRMWARE_DOWNLOADER - Host Firmware Load feature for Intel ISH
drivers/hid/intel-ish-hid/ishtp-fw-loader.c: disabled non-Free firmware-loading machinery
drivers/hid/intel-ish-hid/ishtp-fw-loader.c: removed blobs

COMEDI - Data acquisition support (comedi)
drivers/staging/comedi/drivers.c: retain Free firmware-loading machinery, disabling non-Free one

COMEDI_DAQBOARD2000 - IOtech DAQboard/2000 support
drivers/staging/comedi/drivers/daqboard2000.c: removed blobs

COMEDI_JR3_PCI - JR3/PCI force sensor board support
drivers/staging/comedi/drivers/jr3_pci.c: removed blobs

COMEDI_ME_DAQ - Meilhaus ME-2000i, ME-2600i, ME-3000vm1 support
drivers/staging/comedi/drivers/me_daq.c: removed blobs

COMEDI_ME4000 - Meilhaus ME-4000 support
drivers/staging/comedi/drivers/me4000.c: removed blobs

COMEDI_NI_PCIDIO - NI PCI-DIO32HS, PCI-6533, PCI-6534 support
drivers/staging/comedi/drivers/ni_pcidio.c: removed blobs

IIO_SSP_SENSORHUB - Samsung Sensorhub driver
drivers/iio/common/ssp_sensors/ssp_dev.c: removed blobs

MMC_VUB300 - VUB300 USB to SDIO/SD/MMC Host Controller support
drivers/mmc/host/Kconfig: removed firmware notes
drivers/mmc/host/vub300.c: disabled non-Free firmware-loading machinery
drivers/mmc/host/vub300.c: removed blobs

SCSI_QLOGICPTI - PTI Qlogic, ISP Driver
drivers/scsi/qlogicpti.c: disabled non-Free firmware-loading machinery
drivers/scsi/qlogicpti.c: removed blobs

SCSI_ADVANSYS - AdvanSys SCSI
drivers/scsi/advansys.c: disabled non-Free firmware-loading machinery
drivers/scsi/advansys.c: removed blobs

SCSI_QLOGIC_1280 - Qlogic QLA 1240/1x80/1x160 SCSI
drivers/scsi/qla1280.c: disabled non-Free firmware-loading machinery
drivers/scsi/qla1280.c: removed blobs

SCSI_AIC94XX - Adaptec AIC94xx SAS/SATA support
drivers/scsi/aic94xx/aic94xx_seq.c: disabled non-Free firmware-loading machinery
drivers/scsi/aic94xx/aic94xx_seq.c: removed blobs
drivers/scsi/aic94xx/aic94xx_seq.h: removed blobs

SCSI_BFA_FC - Brocade BFA Fibre Channel Support
drivers/scsi/bfa/bfad.c: disabled non-Free firmware-loading machinery
drivers/scsi/bfa/bfad.c: removed blobs

SCSI_CHELSIO_FCOE - Chelsio Communications FCoE support
drivers/scsi/csiostor/csio_hw.c: disabled non-Free firmware-loading machinery
drivers/scsi/csiostor/csio_hw_chip.h: removed blobs
drivers/scsi/csiostor/csio_init.c: removed blobs

SCSI_LPFC - Emulex LightPulse Fibre Channel Support
drivers/scsi/lpfc/lpfc_init.c: disabled non-Free firmware-loading machinery

SCSI_QLA_FC - QLogic QLA2XXX Fibre Channel Support
drivers/scsi/qla2xxx/qla_os.c: disabled non-Free firmware-loading machinery
drivers/scsi/qla2xxx/Kconfig: removed firmware notes
drivers/scsi/qla2xxx/qla_os.c: removed blobs

SCSI_WD719x - Western Digital WD7193/7197/7296 support
drivers/scsi/wd719x.c: disabled non-Free firmware-loading machinery
drivers/scsi/wd719x.c: removed blobs
Documentation/scsi/wd719x.txt: removed blobs

USB_CXACRU - Conexant AccessRunner USB support
drivers/usb/atm/cxacru.c: disabled non-Free firmware-loading machinery
drivers/usb/atm/cxacru.c: removed blobs

USB_SPEEDTOUCH - Speedtouch USB support
drivers/usb/atm/speedtch.c: disabled non-Free firmware-loading machinery
drivers/usb/atm/speedtch.c: removed blobs

USB_UEAGLEATM - ADI 930 and eagle USB DSL modem
drivers/usb/atm/ueagle-atm.c: disabled non-Free firmware-loading machinery
drivers/usb/atm/ueagle-atm.c: removed blobs

USB_XHCI_RCAR - xHCI support for Renesas R-Car SoCs
drivers/usb/host/xhci-rcar.c: disabled non-Free firmware-loading machinery
drivers/usb/host/xhci-rcar.c: removed blobs
drivers/usb/host/xhci-rcar.h: removed blobs

USB_XHCI_TEGRA - xHCI support for NVIDIA Tegra SoCs
drivers/usb/host/xhci-tegra.c: disabled non-Free firmware-loading machinery
drivers/usb/host/xhci-tegra.c: removed blobs

USB_EMI26 - EMI 2|6 USB Audio interface
drivers/usb/misc/emi26.c: disabled non-Free firmware-loading machinery
drivers/usb/misc/emi26.c: removed blobs

USB_EMI62 - EMI 6|2m USB Audio interface
drivers/usb/misc/emi62.c: disabled non-Free firmware-loading machinery
drivers/usb/misc/emi62.c: removed blobs

USB_EZUSB_FX2 - Functions for loading firmware on EZUSB chips
drivers/usb/misc/ezusb.c: retain Free firmware-loading machinery, disabling non-Free one

USB_ISIGHTFW - iSight firmware loading support
drivers/usb/misc/isight_firmware.c: disabled non-Free firmware-loading machinery
drivers/usb/misc/isight_firmware.c: removed blobs

USB_STORAGE_ENE_UB6250 - USB ENE card reader support
drivers/usb/storage/ene_ub6250.c: disabled non-Free firmware-loading machinery
drivers/usb/storage/ene_ub6250.c: removed blobs

USB_SERIAL_KEYSPAN - USB Keyspan USA-xxx Serial Driver
drivers/usb/serial/keyspan.c: removed blobs

USB_SERIAL_EDGEPORT - USB Inside Out Edgeport Serial Driver
drivers/usb/serial/io_edgeport.c: disabled non-Free firmware-loading machinery
drivers/usb/serial/io_edgeport.c: removed blobs

USB_SERIAL_EDGEPORT_TI - USB Inside Out Edgeport Serial Driver (TI devices)
drivers/usb/serial/io_ti.c: disabled non-Free firmware-loading machinery
drivers/usb/serial/io_ti.c: deblobbed comment
drivers/usb/serial/io_ti.c: removed blobs

USB_SERIAL_MXUPORT - USB Moxa UPORT Serial Driver
drivers/usb/serial/mxuport.c: disabled non-Free firmware-loading machinery
drivers/usb/serial/mxuport.c: removed blobs

USB_SERIAL_TI - USB TI 3410/5052 Serial Driver
drivers/usb/serial/ti_usb_3410_5052.c: disabled non-Free firmware-loading machinery
drivers/usb/serial/ti_usb_3410_5052.c: removed blobs

USB_SERIAL_WHITEHEAT - USB ConnectTech WhiteHEAT Serial Driver
drivers/usb/serial/whiteheat.c: removed blobs

UCSI_CCG - UCSI Interface Driver for Cypress CCGx
drivers/usb/typec/ucsi/ucsi_ccg.c: disabled non-Free firmware-loading machinery
drivers/usb/typec/ucsi/ucsi_ccg.c: removed blobs

UWB_I1480U - Support for Intel Wireless UWB Link 1480 HWA
drivers/staging/uwb/i1480/dfu/i1480-dfu.h: disabled non-Free firmware-loading machinery
drivers/staging/uwb/i1480/dfu/mac.c: disabled non-Free firmware-loading machinery
drivers/staging/uwb/i1480/dfu/phy.c: disabled non-Free firmware-loading machinery
drivers/staging/uwb/i1480/dfu/usb.c: removed blobs

HABANA_AI - HabanaAI accelerators (habanalabs)
drivers/misc/habanalabs/firmware_if.c: disabled non-Free firmware-loading machinery
drivers/misc/habanalabs/goya/goya.c: removed blobs

LATTICE_ECP3_CONFIG - Lattice ECP3 FPGA bitstrap configuration via SPI
drivers/misc/lattice-ecp3-config.c: disabled non-Free firmware-loading machinery
drivers/misc/lattice-ecp3-config.c: removed blobs

REMOTEPROC - Support for Remote Processor subsystem
drivers/remoteproc/remoteproc_core.c: retain Free firmware-loading machinery, disabling non-Free one

KEYSTONE_REMOTEPROC - Keystone Remoteproc support
drivers/remoteproc/keystone_remoteproc.c: removed blobs

WKUP_M3_RPROC - AMx3xx Wakeup M3 remoteproc support
Documentation/devicetree/bindings/remoteproc/wkup_m3_rproc.txt: removed blobs
arch/arm/boot/dts/am33xx.dtsi: removed blobs
arch/arm/boot/dts/am4372.dtsi: removed blobs

QCOM_Q6V5_ADSP - Qualcomm Technology Inc ADSP Peripherial Image Loader
drivers/remoteproc/qcom_q6v5_adsp.c: removed blobs

QCOM_Q6V5_MSS - Qualcomm Hexagon V5 self-authenticating modem subsystem support
drivers/remoteproc/qcom_q6v5_mss.c: disabled non-Free firmware-loading machinery
drivers/remoteproc/qcom_q6v5_mss.c: removed blobs

QCOM_Q6V5_PAS - Qualcomm Hexagon V5 Peripherial Authentication Service support
drivers/remoteproc/qcom_q6v5_pas.c: removed blobs

QCOM_Q6V5_WCSS - Qualcomm Hexagon based WCSS Peripheral Image Loader
drivers/remoteproc/qcom_q6v5_wcss.c: removed blobs

QCOM_WCNSS_PIL - Qualcomm WCNSS Peripherial Image Loader
drivers/remoteproc/qcom_wcnss.c: removed blobs

SND_ASIHPI - AudioScience ASIxxxx
sound/pci/asihpi/hpidspcd.c: disabled non-Free firmware-loading machinery
sound/pci/asihpi/hpidspcd.c: removed blobs
sound/pci/asihpi/hpioctl.c: removed blobs

SND_CS46XX - Cirrus Logic (Sound Fusion) CS4280/CS461x/CS462x/CS463x
sound/pci/cs46xx/cs46xx_lib.c: disabled non-Free firmware-loading machinery
sound/pci/cs46xx/cs46xx_lib.c: removed blobs

SND_KORG1212 - Korg 1212 IO
sound/pci/korg1212/korg1212.c: disabled non-Free firmware-loading machinery
sound/pci/korg1212/korg1212.c: removed blobs

SND_MAESTRO3 - ESS Allegro/Maestro3
sound/pci/maestro3.c: disabled non-Free firmware-loading machinery
sound/pci/maestro3.c: removed blobs

SND_YMFPCI - Yamaha YMF724/740/744/754
sound/pci/ymfpci/ymfpci_main.c: disabled non-Free firmware-loading machinery
sound/pci/ymfpci/ymfpci_main.c: removed blobs

SND_SB16_CSP - SB16 Advanced Signal Processor
sound/isa/sb/sb16_csp.c: disabled non-Free firmware-loading machinery
sound/isa/sb/sb16_csp.c: removed blobs

SND_WAVEFRONT - Turtle Beach Maui,Tropez,Tropez+ (Wavefront)
sound/isa/wavefront/wavefront_fx.c: disabled non-Free firmware-loading machinery
sound/isa/wavefront/wavefront_fx.c: removed blobs
sound/isa/wavefront/wavefront_synth.c: disabled non-Free firmware-loading machinery
sound/isa/wavefront/wavefront_synth.c: removed blobs

SND_VX_LIB - Digigram VX soundcards
sound/drivers/vx/vx_hwdep.c: disabled non-Free firmware-loading machinery
sound/drivers/vx/vx_hwdep.c: removed blobs

SND_DARLA20 - (Echoaudio) Darla20
sound/pci/echoaudio/darla20.c: removed blobs

SND_DARLA24 - (Echoaudio) Darla24
sound/pci/echoaudio/darla24.c: removed blobs

SND_ECHO3G - (Echoaudio) 3G cards
sound/pci/echoaudio/echo3g.c: removed blobs

SND_GINA20 - (Echoaudio) Gina20
sound/pci/echoaudio/gina20.c: removed blobs

SND_GINA24 - (Echoaudio) Gina24
sound/pci/echoaudio/gina24.c: removed blobs

SND_INDIGO - (Echoaudio) Indigo
sound/pci/echoaudio/indigo.c: removed blobs

SND_INDIGODJ - (Echoaudio) Indigo DJ
sound/pci/echoaudio/indigodj.c: removed blobs

SND_INDIGODJX - (Echoaudio) Indigo DJx
sound/pci/echoaudio/indigodjx.c: removed blobs

SND_INDIGOIO - (Echoaudio) Indigo IO
sound/pci/echoaudio/indigoio.c: removed blobs

SND_INDIGOIOX - (Echoaudio) Indigo IOx
sound/pci/echoaudio/indigoiox.c: removed blobs

SND_LAYLA20 - (Echoaudio) Layla20
sound/pci/echoaudio/layla20.c: removed blobs

SND_LAYLA24 - (Echoaudio) Layla24
sound/pci/echoaudio/layla24.c: removed blobs

SND_MIA - (Echoaudio) Mia
sound/pci/echoaudio/mia.c: removed blobs

SND_MONA - (Echoaudio) Mona
sound/pci/echoaudio/mona.c: removed blobs

SND_<(Echoaudio)> - (Echoaudio) all of the above 
sound/pci/echoaudio/echoaudio.c: disabled non-Free firmware-loading machinery
sound/pci/echoaudio/echoaudio.c: removed blobs

SND_EMU10K1 - Emu10k1 (SB Live!, Audigy, E-mu APS)
sound/pci/emu10k1/emu10k1_main.c: disabled non-Free firmware-loading machinery
sound/pci/emu10k1/emu10k1_main.c: removed blobs

SND_MIXART - Digigram miXart
sound/pci/mixart/mixart_hwdep.c: disabled non-Free firmware-loading machinery
sound/pci/mixart/mixart_hwdep.c: removed blobs

SND_PCXHR - Digigram PCXHR
sound/pci/pcxhr/pcxhr_hwdep.c: disabled non-Free firmware-loading machinery
sound/pci/pcxhr/pcxhr_hwdep.c: removed blobs

SND_RIPTIDE - Conexant Riptide
sound/pci/riptide/riptide.c: disabled non-Free firmware-loading machinery
sound/pci/riptide/riptide.c: removed blobs

SND_HDA_CODEC_CA0132_DSP - Support new DSP code for CA0132 codec
sound/pci/hda/patch_ca0132.c: disabled non-Free firmware-loading machinery
sound/pci/hda/patch_ca0132.c: removed blobs
sound/pci/hda/Kconfig: removed blob name

SND_HDSP - RME Hammerfall DSP Audio
sound/pci/rme9652/hdsp.c: disabled non-Free firmware-loading machinery
sound/pci/rme9652/hdsp.c: removed blobs

SND_MSND_PINNACLE - Support for Turtle Beach MultiSound Pinnacle
sound/isa/msnd/msnd_pinnacle.h: removed blobs
sound/isa/msnd/msnd_pinnacle.c: disabled non-Free firmware-loading machinery
sound/isa/msnd/msnd_pinnacle.c: removed blobs
Documentation/sound/cards/multisound.sh: removed blobs

SND_MSND_CLASSIC - Support for Turtle Beach MultiSound Classic, Tahiti, Monterey
sound/isa/msnd/msnd_classic.h: removed blobs

SND_SSCAPE - Ensoniq SoundScape driver
sound/isa/sscape.c: disabled non-Free firmware-loading machinery
sound/isa/sscape.c: removed blobs
sound/isa/Kconfig: removed firmware names

SND_SOC_ADAU1701 - ADAU1701 SigmaDSP processor
sound/soc/codecs/adau1701.c: removed blobs

SND_SOC_ADAU1761 - ADAU1761 SigmaDSP processor
sound/soc/codecs/adau1761.c: removed blobs

SND_SOC_ADAU1781 - ADAU1781 SigmaDSP processor
sound/soc/codecs/adau1781.c: removed blobs

SND_SOC_RT5677 - RT5677 SoC
sound/soc/codecs/rt5677.c: disabled non-Free firmware-loading machinery
sound/soc/codecs/rt5677.h: removed blobs

SND_SOC_SIGMADSP - SigmaStudio firmware loader
sound/soc/codecs/sigmadsp.c: retain Free firmware-loading machinery, disabling non-Free one

SND_SOC_INTEL_SST_ACPI - Intel SST (LPE) Driver
sound/soc/intel/common/sst-acpi.c: retain Free firmware-loading machinery, disabling non-Free one

SND_SOC_ACPI_INTEL_MATCH - undocumented
sound/soc/intel/common/soc-acpi-intel-bxt-match.c: removed blobs
sound/soc/intel/common/soc-acpi-intel-byt-match.c: removed blobs
sound/soc/intel/common/soc-acpi-intel-cht-match.c: removed blobs
sound/soc/intel/common/soc-acpi-intel-cnl-match.c: removed blobs
sound/soc/intel/common/soc-acpi-intel-icl-match.c: removed blobs
sound/soc/intel/common/soc-acpi-intel-glk-match.c: removed blobs
sound/soc/intel/common/soc-acpi-intel-hsw-bdw-match.c: removed blobs
sound/soc/intel/common/soc-acpi-intel-kbl-match.c: removed blobs
sound/soc/intel/common/soc-acpi-intel-skl-match.c: removed blobs

SND_SOC_INTEL_HASWELL - undocumented
sound/soc/intel/haswell/sst-haswell-ipc.c: disabled non-Free firmware-loading machinery
sound/soc/intel/haswell/sst-haswell-ipc.c: removed blobs

SND_SOC_INTEL_SKYLAKE - undocumented
sound/soc/intel/skylake/skl-sst.c: disabled non-Free firmware-loading machinery
sound/soc/intel/skylake/skl-sst-utils.c: disabled non-Free firmware-loading machinery
sound/soc/intel/skylake/skl-topology.c: disabled non-Free firmware-loading machinery
sound/soc/intel/skylake/bxt-sst.c: disabled non-Free firmware-loading machinery
sound/soc/intel/skylake/cnl-sst.c: disabled non-Free firmware-loading machinery
sound/soc/intel/skylake/skl-nhlt.c: removed blobs
sound/soc/intel/skylake/skl-sst.c: removed blobs
sound/soc/intel/skylake/skl-topology.c: removed blobs

SND_SST_IPC - undocumented
sound/soc/intel/atom/sst/sst.c: disabled non-Free firmware-loading machinery
sound/soc/intel/atom/sst/sst_loader.c: disabled non-Free firmware-loading machinery

SND_SST_IPC_PCI - undocumented
sound/soc/intel/atom/sst/sst_pci.c: removed blobs

SND_SOC_RT5514 - undocumented
sound/soc/codecs/rt5514.c: disabled non-Free firmware-loading machinery
sound/soc/codecs/rt5514.h: removed blobs

SND_SOC_WM0010 - WM0010 DSP driver
sound/soc/codecs/wm0010.c: disabled non-Free firmware-loading machinery
sound/soc/codecs/wm0010.c: removed blobs

SND_SOC_WM2000 - WM2000 ALSA Soc Audio codecs
sound/soc/codecs/wm2000.c: disabled non-Free firmware-loading machinery
sound/soc/codecs/wm2000.c: removed blobs

SND_SOC_WM8994 - WM8994 ALSA Soc Audio codecs
sound/soc/codecs/wm8958-dsp2.c: disabled non-Free firmware-loading machinery
sound/soc/codecs/wm8958-dsp2.c: removed blobs

SND_SOC_WM_ADSP - Wolfson ADSP support
sound/soc/codecs/wm_adsp.c: disabled non-Free firmware-loading machinery
sound/soc/codecs/wm_adsp.c: removed blobs

SND_SOC_SH4_SIU - ALSA SoC driver for Renesas SH7343, SH7722 SIU peripheral
sound/soc/sh/siu_dai.c: disabled non-Free firmware-loading machinery
sound/soc/sh/siu_dai.c: removed blobs

SND_USB_6FIRE - TerraTec DMX 6Fire USB
sound/usb/6fire/firmware.c: disabled non-Free firmware-loading machinery
sound/usb/6fire/firmware.c: removed blobs

ZIIRAVE_WATCHDOG - Zodiac RAVE Watchdog Timer
drivers/watchdog/ziirave_wdt.c: disabled non-Free firmware-loading machinery
drivers/watchdog/ziirave_wdt.c: removed blobs

FSI_MASTER_AST_CF - FSI master based on Aspeed ColdFire coprocessor
drivers/fsi/fsi-master-ast-cf.c: disabled non-Free firmware-loading machinery
drivers/fsi/fsi-master-ast-cf.c: removed blobs

GREYBUS_FIRMWARE - Greybus Firmware Download Class driver
drivers/staging/greybus/firmware.h: removed blobs
drivers/staging/greybus/fw-download.c: disabled non-Free firmware-loading machinery
drivers/staging/greybus/fw-download.c: removed blobs

GREYBUS_BOOTROM - Greybus Bootrom Class driver
drivers/staging/greybus/bootrom.c: disabled non-Free firmware-loading machinery
drivers/staging/greybus/bootrom.c: removed blobs

ARCH_QCOM - Qualcomm Support
arch/arm64/boot/dts/qcom/sdm845-db845c.dts: removed blobs

QCOM_MDT_LOADER - Qualcomm Peripheral Image Loader
drivers/soc/qcom/mdt_loader.c: disabled non-Free firmware-loading machinery

QCOM_WCNSS_CTRL - Qualcomm WCNSS control driver
drivers/soc/qcom/wcnss_ctrl.c: disabled non-Free firmware-loading machinery
drivers/soc/qcom/wcnss_ctrl.c: removed blobs

KEYSTONE_NAVIGATOR_QMSS - Keystone Queue Manager Sub System
drivers/soc/ti/knav_qmss_queue.c: disabled non-Free firmware-loading machinery
drivers/soc/ti/knav_qmss_queue.c: removed blobs
Documentation/arm/keystone/knav-qmss.rst: removed blobs

ARCH_BRCMSTB - Broadcom BCM7XXX based boards
drivers/memory/brcmstb_dpfe.c: disabled non-Free firmware-loading machinery
drivers/memory/brcmstb_dpfe.c: removed blobs

Documentation - non-Free firmware scripts and documentation
Documentation/media/dvb-drivers/avermedia.rst: removed blobs
Documentation/media/dvb-drivers/opera-firmware.rst: removed blobs
Documentation/media/v4l-drivers/ivtv.rst: removed blobs
Documentation/sound/alsa-configuration.rst: removed blobs
scripts/get_dvb_firmware: removed
scripts/extract_xc3028.pl: removed
drivers/base/firmware_loader/Kconfig: removed blob name
