Makefile: added -gnu to EXTRAVERSION
README: added blurb about GNU Linux-libre
include/linux/firmware.h: added non-Free firmware notification support

MICROCODE_AMD - AMD microcode patch loading support
arch/x86/kernel/microcode_amd.c: disabled non-Free firmware-loading machinery
arch/x86/kernel/microcode_amd.c: removed blobs

MICROCODE_INTEL - Intel microcode patch loading support
arch/x86/kernel/microcode_intel.c: disabled non-Free firmware-loading machinery
arch/x86/kernel/microcode_intel.c: removed blobs

IXP4XX_NPE - IXP4xx Network Processor Engine support
arch/arm/mach-ixp4xx/ixp4xx_npe.c: disabled non-Free firmware-loading machinery
Documentation/arm/IXP4xx: removed blobs

ARCH_NETX - Hilscher NetX based
arch/arm/mach-netx/xc.c: disabled non-Free firmware-loading machinery
arch/arm/mach-netx/xc.c: removed blobs
drivers/net/netx-eth.c: removed blobs

WESTBRIDGE_DEVICE_DRIVER - West Bridge Device Driver
drivers/staging/westbridge/astoria/device/cyasdevice.c: disabled non-Free firmware-loading machinery
drivers/staging/westbridge/astoria/device/cyasdevice.c: removed blobs

ATM_AMBASSADOR - Madge Ambassador, Collage PCI 155 Server
drivers/atm/ambassador.c: disabled non-Free firmware-loading machinery
drivers/atm/ambassador.c: removed blobs
firmware/atmsar11.HEX: removed blobs
firmware/Makefile: dropped firmware/atmsar11.fw

ATM_FORE200E - FORE Systems 200E-series
drivers/atm/fore200e.c: disabled non-Free firmware-loading machinery
drivers/atm/fore200e.c: removed blobs
Documentation/networking/fore200e.txt: removed blobs
drivers/atm/.gitignore: removed blobs
Documentation/dontdiff: removed blobs

ATM_SOLOS - Solos ADSL2+ PCI Multiport card driver
drivers/atm/solos-pci.c: disabled non-Free firmware-loading machinery
drivers/atm/solos-pci.c: removed blobs

COMPUTONE - Computone IntelliPort Plus serial
firmware/intelliport2.bin.ihex: removed
firmware/Makefile: dropped firmware/intelliport2.bin
drivers/staging/tty/ip2/ip2main.c: disabled non-Free firmware-loading machinery
drivers/staging/tty/ip2/ip2main.c: removed blobs

CYCLADES - Cyclades async mux support
drivers/tty/cyclades.c: disabled non-Free firmware-loading machinery
drivers/tty/cyclades.c: removed blobs

ISI - Multi-Tech multiport card support
drivers/tty/isicom.c: disabled non-Free firmware-loading machinery
drivers/tty/isicom.c: removed blobs

MOXA_INTELLIO - Moxa Intellio support
drivers/tty/moxa.c: disabled non-Free firmware-loading machinery
drivers/tty/moxa.c: removed blobs

DRM_NOUVEAU - Nouveau (nVidia) cards
drivers/gpu/drm/nouveau/nvc0_graph.c: disabled non-Free firmware-loading machinery
drivers/gpu/drm/nouveau/nvc0_graph.c: removed blobs

DRM_MGA - Matrox g200/g400
firmware/matrox/g200_warp.H16: removed
firmware/Makefile: dropped firmware/matrox/g200_warp.fw
firmware/matrox/g400_warp.H16: removed
firmware/Makefile: dropped firmware/matrox/g400_warp.fw
drivers/gpu/drm/mga/mga_warp.c: disabled non-Free firmware-loading machinery
drivers/gpu/drm/mga/mga_warp.c: removed blobs

DRM_R128 - ATI Rage 128
firmware/r128/r128_cce.bin.ihex: removed
firmware/Makefile: dropped firmware/r128/r128_cce.bin
drivers/gpu/drm/r128/r128_cce.c: disabled non-Free firmware-loading machinery
drivers/gpu/drm/r128/r128_cce.c: removed blobs

DRM_RADEON - ATI Radeon
firmware/radeon/R100_cp.bin.ihex: removed
firmware/Makefile: dropped firmware/radeon/R100_cp.bin
firmware/radeon/R200_cp.bin.ihex: removed
firmware/Makefile: dropped firmware/radeon/R200_cp.bin
firmware/radeon/R300_cp.bin.ihex: removed
firmware/Makefile: dropped firmware/radeon/R300_cp.bin
firmware/radeon/R420_cp.bin.ihex: removed
firmware/Makefile: dropped firmware/radeon/R420_cp.bin
firmware/radeon/R520_cp.bin.ihex: removed
firmware/Makefile: dropped firmware/radeon/R520_cp.bin
firmware/radeon/R600_me.bin.ihex: removed
firmware/Makefile: dropped firmware/radeon/R600_me.bin
firmware/radeon/R600_pfp.bin.ihex: removed
firmware/Makefile: dropped firmware/radeon/R600_pfp.bin
firmware/radeon/RS600_cp.bin.ihex: removed
firmware/Makefile: dropped firmware/radeon/RS600_cp.bin
firmware/radeon/RS690_cp.bin.ihex: removed
firmware/Makefile: dropped firmware/radeon/RS690_cp.bin
firmware/radeon/RS780_me.bin.ihex: removed
firmware/Makefile: dropped firmware/radeon/RS780_me.bin
firmware/radeon/RS780_pfp.bin.ihex: removed
firmware/Makefile: dropped firmware/radeon/RS780_pfp.bin
firmware/radeon/RV610_me.bin.ihex: removed
firmware/Makefile: dropped firmware/radeon/RV610_me.bin
firmware/radeon/RV610_pfp.bin.ihex: removed
firmware/Makefile: dropped firmware/radeon/RV610_pfp.bin
firmware/radeon/RV620_me.bin.ihex: removed
firmware/Makefile: dropped firmware/radeon/RV620_me.bin
firmware/radeon/RV620_pfp.bin.ihex: removed
firmware/Makefile: dropped firmware/radeon/RV620_pfp.bin
firmware/radeon/RV630_me.bin.ihex: removed
firmware/Makefile: dropped firmware/radeon/RV630_me.bin
firmware/radeon/RV630_pfp.bin.ihex: removed
firmware/Makefile: dropped firmware/radeon/RV630_pfp.bin
firmware/radeon/RV635_me.bin.ihex: removed
firmware/Makefile: dropped firmware/radeon/RV635_me.bin
firmware/radeon/RV635_pfp.bin.ihex: removed
firmware/Makefile: dropped firmware/radeon/RV635_pfp.bin
firmware/radeon/RV670_me.bin.ihex: removed
firmware/Makefile: dropped firmware/radeon/RV670_me.bin
firmware/radeon/RV670_pfp.bin.ihex: removed
firmware/Makefile: dropped firmware/radeon/RV670_pfp.bin
firmware/radeon/RV710_me.bin.ihex: removed
firmware/Makefile: dropped firmware/radeon/RV710_me.bin
firmware/radeon/RV710_pfp.bin.ihex: removed
firmware/Makefile: dropped firmware/radeon/RV710_pfp.bin
firmware/radeon/RV730_me.bin.ihex: removed
firmware/Makefile: dropped firmware/radeon/RV730_me.bin
firmware/radeon/RV730_pfp.bin.ihex: removed
firmware/Makefile: dropped firmware/radeon/RV730_pfp.bin
firmware/radeon/RV770_me.bin.ihex: removed
firmware/Makefile: dropped firmware/radeon/RV770_me.bin
firmware/radeon/RV770_pfp.bin.ihex: removed
firmware/Makefile: dropped firmware/radeon/RV770_pfp.bin
drivers/gpu/drm/radeon/radeon_cp.c: disabled non-Free firmware-loading machinery
drivers/gpu/drm/radeon/radeon_cp.c: removed blobs
drivers/gpu/drm/radeon/r100.c: disabled non-Free firmware-loading machinery
drivers/gpu/drm/radeon/r100.c: removed blobs
drivers/gpu/drm/radeon/r600.c: disabled non-Free firmware-loading machinery
drivers/gpu/drm/radeon/r600.c: removed blobs
drivers/gpu/drm/radeon/r600_cp.c: disabled non-Free firmware-loading machinery
drivers/gpu/drm/radeon/r600_cp.c: removed blobs
drivers/gpu/drm/radeon/ni.c: disabled non-Free firmware-loading machinery
drivers/gpu/drm/radeon/ni.c: removed blobs

IMX_SDMA - i.MX SDMA support
drivers/dma/imx-sdma.c: disabled non-Free firmware-loading machinery
drivers/dma/imx-sdma.c: removed blobs

MEDIA_TUNER_XC2028 - XCeive xc2028/xc3028 tuners
drivers/media/common/tuners/tuner-xc2028.h: disabled non-Free firmware
drivers/media/video/saa7134/saa7134-cards.c: disabled non-Free firmware
drivers/media/video/ivtv/ivtv-driver.c: disabled non-Free firmware
drivers/media/video/cx18/cx18-driver.c: disabled non-Free firmware
drivers/media/video/cx18/cx18-dvb.c: disabled non-Free firmware
drivers/media/video/cx23885/cx23885-dvb.c: disabled non-Free firmware
drivers/media/video/cx23885/cx23885-video.c: disabled non-Free firmware
drivers/media/video/cx88/cx88-dvb.c: disabled non-Free firmware
drivers/media/video/cx88/cx88-cards.c: disabled non-Free firmware
drivers/media/video/em28xx/em28xx-cards.c: disabled non-Free firmware
drivers/media/dvb/dvb-usb/dib0700_devices.c: disabled non-Free firmware
drivers/media/dvb/dvb-usb/cxusb.c: disabled non-Free firmware
drivers/media/common/tuners/tuner-xc2028.c: disabled non-Free firmware-loading machinery

VIDEO_TM6000_DVB - DVB Support for tm6000 based TV cards
drivers/staging/tm6000/tm6000-cards.c: removed blobs

MEDIA_TUNER_XC5000 - Xceive XC5000 silicon tuner
drivers/media/common/tuners/xc5000.c: removed non-Free firmware size
drivers/media/common/tuners/xc5000.c: disabled non-Free firmware
drivers/media/video/cx231xx/cx231xx-cards.c: disabled non-Free firmware
drivers/media/common/tuners/xc5000.c: disabled non-Free firmware-loading machinery

DVB_USB - Support for various USB DVB devices
drivers/media/dvb/dvb-usb/dvb-usb-firmware.c: disabled non-Free firmware-loading machinery

DVB_B2C2_FLEXCOP - Technisat/B2C2 FlexCopII(b) and FlexCopIII adapters
drivers/media/dvb/b2c2/flexcop-fe-tuner.c: disabled non-Free firmware-loading machinery

DVB_BT8XX - BT8xx based PCI cards
drivers/media/dvb/bt8xx/dvb-bt8xx.c: disabled non-Free firmware-loading machinery

DVB_USB_A800 - AVerMedia AverTV DVB-T USB 2.0 (A800)
drivers/media/dvb/dvb-usb/a800.c: removed blobs

DVB_USB_AF9005 - Afatech AF9005 DVB-T USB1.1 support
drivers/media/dvb/dvb-usb/af9005-script.h: removed
drivers/media/dvb/dvb-usb/af9005-fe.c: report missing Free init script
drivers/media/dvb/dvb-usb/af9005-fe.c: removed blobs
drivers/media/dvb/dvb-usb/af9005.c: removed blobs

DVB_USB_AF9015 - Afatech AF9015 DVB-T USB2.0 support
drivers/media/dvb/dvb-usb/af9015.c: removed blobs

DVB_USB_AZ6027 - Azurewave DVB-S/S2 USB2.0 AZ6027 support
drivers/media/dvb/dvb-usb/az6027.c: removed blobs

DVB_USB_CXUSB - Conexant USB2.0 hybrid reference design support
drivers/media/dvb/dvb-usb/cxusb.c: removed blobs

DVB_USB_DIB0700 - DiBcom DiB0700 USB DVB devices
drivers/media/dvb/dvb-usb/dib0700_devices.c: disabled non-Free firmware-loading machinery
drivers/media/dvb/dvb-usb/dib0700_devices.c: removed blobs

DVB_USB_DIBUSB_MB - DiBcom USB DVB-T devices (based on the DiB3000M-B)
drivers/media/dvb/dvb-usb/dibusb-mb.c: removed blobs

DVB_USB_DIBUSB_MC - DiBcom USB DVB-T devices (based on the DiB3000M-C/P)
drivers/media/dvb/dvb-usb/dibusb-mc.c: removed blobs

DVB_USB_DIGITV - Nebula Electronics uDigiTV DVB-T USB2.0 support
drivers/media/dvb/dvb-usb/digitv.c: removed blobs

DVB_USB_DTT200U - WideView WT-200U and WT-220U (pen) DVB-T USB2.0 support (Yakumo/Hama/Typhoon/Yuan)
drivers/media/dvb/dvb-usb/dtt200u.c: removed blobs

DVB_USB_DW2102 - DvbWorld DVB-S/S2 USB2.0 support
drivers/media/dvb/dvb-usb/dw2102.c: disabled non-Free firmware-loading machinery
drivers/media/dvb/dvb-usb/dw2102.c: removed blobs

DVB_USB_EC168 - E3C EC168 DVB-T USB2.0 support
drivers/media/dvb/dvb-usb/ec168.c: removed blobs

DVB_USB_GP8PSK - GENPIX 8PSK->USB module support
drivers/media/dvb/dvb-usb/gp8psk.c: disabled non-Free firmware-loading machinery
drivers/media/dvb/dvb-usb/gp8psk.c: removed blobs

DVB_USB_LME2510 - LME DM04/QQBOX DVB-S USB2.0 support
drivers/media/dvb/dvb-usb/lmedm04.c: disabled non-Free firmware-loading machinery
drivers/media/dvb/dvb-usb/lmedm04.c: removed blobs
Documentation/dvb/lmedm04.txt: removed

DVB_USB_M920X - Uli m920x DVB-T USB2.0 support
drivers/media/dvb/dvb-usb/m920x.c: disabled non-Free firmware-loading machinery
drivers/media/dvb/dvb-usb/m920x.c: removed blobs

DVB_USB_NOVA_T_USB2 - Hauppauge WinTV-NOVA-T usb2 DVB-T USB2.0 support
drivers/media/dvb/dvb-usb/nova-t-usb2.c: removed blobs

DVB_USB_OPERA1 - Opera1 DVB-S USB2.0 receiver
drivers/media/dvb/dvb-usb/opera1.c: disabled non-Free firmware-loading machinery
drivers/media/dvb/dvb-usb/opera1.c: removed blobs

DVB_USB_TECHNISAT_USB2 - Technisat DVB-S/S2 USB2.0 support
drivers/media/dvb/dvb-usb/technisat-usb2.c: removed blobs

DVB_USB_TTUSB2 - Pinnacle 400e DVB-S USB2.0 support
drivers/media/dvb/dvb-usb/ttusb2.c: removed blobs

DVB_USB_UMT_010 - HanfTek UMT-010 DVB-T USB2.0 support
drivers/media/dvb/dvb-usb/umt-010.c: removed blobs

DVB_USB_VP702X - TwinhanDTV StarBox and clones DVB-S USB2.0 support
drivers/media/dvb/dvb-usb/vp702x.c: removed blobs

DVB_USB_VP7045 - TwinhanDTV Alpha/MagicBoxII, DNTV tinyUSB2, Beetle USB2.0 support
drivers/media/dvb/dvb-usb/vp7045.c: removed blobs

DVB_AF9013 - Afatech AF9013 demodulator
drivers/media/dvb/frontends/af9013.c: disabled non-Free firmware
drivers/media/dvb/frontends/af9013_priv.h: disabled non-Free firmware
drivers/media/dvb/frontends/af9013.c: disabled non-Free firmware-loading machinery

DVB_BCM3510 - Broadcom BCM3510
drivers/media/dvb/frontends/bcm3510.c: disabled non-Free firmware
drivers/media/dvb/frontends/bcm3510.c: disabled non-Free firmware-loading machinery
drivers/media/dvb/frontends/bcm3510.h: disabled non-Free firmware-loading machinery
drivers/media/dvb/frontends/bcm3510.c: removed non-Free firmware notes

DVB_DS3000 - Montage Tehnology DS3000 based
drivers/media/dvb/frontends/ds3000.c: disabled non-Free firmware
drivers/media/dvb/frontends/ds3000.c: disabled non-Free firmware-loading machinery
drivers/media/dvb/frontends/ds3000.c: removed blobs

DVB_LGS8GXX - Legend Silicon LGS8913/LGS8GL5/LGS8GXX DMB-TH demodulator
drivers/media/dvb/frontends/lgs8gxx.c: disabled non-Free firmware-loading machinery
drivers/media/dvb/frontends/lgs8gxx.c: removed blobs

DVB_NXT200X - NxtWave Communications NXT2002/NXT2004 based
drivers/media/dvb/frontends/nxt200x.c: disabled non-Free firmware
drivers/media/dvb/frontends/nxt200x.c: disabled non-Free firmware-loading machinery
drivers/media/dvb/frontends/nxt200x.c: removed blobs

DVB_OR51132 - Oren OR51132 based
drivers/media/dvb/frontends/or51132.c: disabled non-Free firmware-loading machinery
drivers/media/dvb/frontends/or51132.c: removed blobs

DVB_OR51211 - Oren OR51211 based
drivers/media/dvb/frontends/or51211.c: disabled non-Free firmware
drivers/media/dvb/frontends/or51211.c: disabled non-Free firmware-loading machinery
drivers/media/dvb/frontends/or51211.h: disabled non-Free firmware-loading machinery
drivers/media/dvb/frontends/or51211.c: removed blobs

DVB_SP8870 - Spase sp8870
drivers/media/dvb/frontends/sp8870.c: disabled non-Free firmware
drivers/media/dvb/frontends/sp8870.c: disabled non-Free firmware-loading machinery
drivers/media/dvb/frontends/sp8870.h: disabled non-Free firmware-loading machinery
drivers/media/dvb/frontends/sp8870.c: removed blobs

DVB_CX24116 - Conexant CX24116 based
drivers/media/dvb/frontends/cx24116.c: disabled non-Free firmware
drivers/media/dvb/frontends/cx24116.c: disabled non-Free firmware-loading machinery

DVB_SP887X - Spase sp887x based
drivers/media/dvb/frontends/sp887x.c: disabled non-Free firmware
drivers/media/dvb/frontends/sp887x.c: disabled non-Free firmware-loading machinery
drivers/media/dvb/frontends/sp887x.h: disabled non-Free firmware-loading machinery
drivers/media/dvb/frontends/sp887x.c: removed blobs

DVB_TDA10048 - Philips TDA10048HN based
drivers/media/dvb/frontends/tda10048.c: removed non-Free firmware size
drivers/media/dvb/frontends/tda10048.c: disabled non-Free firmware
drivers/media/dvb/frontends/tda10048.c: disabled non-Free firmware-loading machinery

DVB_TDA1004X - Philips TDA10045H/TDA10046H
drivers/media/dvb/frontends/tda1004x.c: disabled non-Free firmware
drivers/media/dvb/frontends/tda1004x.c: disabled non-Free firmware-loading machinery
drivers/media/dvb/frontends/tda1004x.h: disabled non-Free firmware-loading machinery
drivers/media/dvb/frontends/tda1004x.c: removed blobs

DVB_AV7110 - AV7110 cards
drivers/media/dvb/ttpci/av7110.c: disabled non-Free firmware-loading machinery
drivers/media/dvb/ttpci/av7110.c: removed blobs

DVB_BUDGET - Budget cards
drivers/media/dvb/ttpci/budget.c: disabled non-Free firmware-loading machinery
drivers/media/dvb/frontends/tdhd1.h: disabled non-Free firmware-loading machinery

DVB_BUDGET_AV - Budget cards with analog video inputs
drivers/media/dvb/ttpci/budget-av.c: disabled non-Free firmware-loading machinery

DVB_BUDGET_CI - Budget cards with onboard CI connector
drivers/media/dvb/ttpci/budget-ci.c: disabled non-Free firmware-loading machinery

DVB_DRX397XD - Micronas DRX3975D/DRX3977D based
drivers/media/dvb/frontends/drx397xD.c: disabled non-Free firmware-loading machinery
drivers/media/dvb/frontends/drx397xD_fw.h: removed blobs

DVB_NGENE - Micronas nGene support
drivers/media/dvb/ngene/ngene-core.c: disabled non-Free firmware-loading machinery
drivers/media/dvb/ngene/ngene-core.c: removed blobs

DVB_PLUTO2 - Pluto2 cards
drivers/media/dvb/pluto2/pluto2.c: disabled non-Free firmware-loading machinery

SMS_SIANO_MDTV - Siano SMS1xxx based MDTV receiver
drivers/media/dvb/siano/smscoreapi.c: disabled non-Free firmware-loading machinery
drivers/media/dvb/siano/smscoreapi.c: removed blobs
drivers/media/dvb/siano/sms-cards.c: removed blobs

SMS_USB_DRV - Siano's USB interface support
drivers/media/dvb/siano/smsusb.c: disabled non-Free firmware-loading machinery
drivers/media/dvb/siano/smsusb.c: removed blobs

DVB_TTUSB_BUDGET - Technotrend/Hauppauge Nova-USB devices
firmware/ttusb-budget/dspbootcode.bin.ihex: removed
firmware/Makefile: dropped firmware/ttusb-budget/dspbootcode.bin
drivers/media/dvb/ttusb-budget/dvb-ttusb-budget.c: disabled non-Free firmware-loading machinery
drivers/media/dvb/ttusb-budget/dvb-ttusb-budget.c: removed blobs

DVB_TTUSB_DEC - Technotrend/Hauppauge USB DEC devices
drivers/media/dvb/ttusb-dec/ttusb_dec.c: disabled non-Free firmware-loading machinery
drivers/media/dvb/ttusb-dec/ttusb_dec.c: removed blobs
Documentation/dvb/ttusb-dec.txt: removed blobs

VIDEO_BT848 - BT848 Video For Linux
drivers/media/video/bt8xx/bttv-cards.c: disabled non-Free firmware-loading machinery
drivers/media/video/bt8xx/bttv-cards.c: removed blobs
Documentation/video4linux/bttv/README: removed blobs

VIDEO_CPIA2 - CPiA2 Video For Linux
firmware/cpia2/stv0672_vp4.bin.ihex: removed blobs
firmware/Makefile: dropped firmware/cpia2/stv0672_vp4.bin
drivers/media/video/cpia2/cpia2_core.c: disabled non-Free firmware-loading machinery
drivers/media/video/cpia2/cpia2_core.c: removed blobs

VIDEO_CX18 - Conexant cx23418 MPEG encoder support
drivers/media/video/cx18/cx18-av-firmware.c: disabled non-Free firmware-loading machinery
drivers/media/video/cx18/cx18-dvb.c: disabled non-Free firmware-loading machinery
drivers/media/video/cx18/cx18-firmware.c: disabled non-Free firmware-loading machinery
drivers/media/video/cx18/cx18-av-firmware.c: removed blobs
drivers/media/video/cx18/cx18-dvb.c: removed blobs
drivers/media/video/cx18/cx18-firmware.c: removed blobs

VIDEO_CX231XX - Conexant cx231xx USB video capture support
drivers/media/video/cx231xx/cx231xx-417.c: disabled non-Free firmware-loading machinery
drivers/media/video/cx231xx/cx231xx-417.c: removed blobs

VIDEO_CX23885 - Conexant cx23885 (2388x successor) support
drivers/media/video/cx23885/cx23885-417.c: disabled non-Free firmware-loading machinery
drivers/media/video/cx23885/cx23885-417.c: removed blobs
drivers/media/video/cx23885/cx23885-cards.c: disabled non-Free firmware-loading machinery
drivers/media/video/cx23885/cx23885-cards.c: removed blobs

VIDEO_CX25840 - Conexant CX2584x audio/video decoders
drivers/media/video/cx25840/cx25840-firmware.c: disabled non-Free firmware-loading machinery
drivers/media/video/cx25840/cx25840-firmware.c: removed blobs

VIDEO_CX88_BLACKBIRD - Blackbird MPEG encoder support (cx2388x + cx23416)
drivers/media/video/cx88/cx88-blackbird.c: disabled non-Free firmware-loading machinery

VIDEO_IVTV - Conexant cx23416/cx23415 MPEG encoder/decoder support
drivers/media/video/ivtv/ivtv-firmware.c: disabled non-Free firmware-loading machinery
drivers/media/video/ivtv/ivtv-firmware.c: removed blobs

VIDEO_PVRUSB2 - Hauppauge WinTV-PVR USB2 support
drivers/media/video/pvrusb2/pvrusb2-hdw.c: disabled non-Free firmware-loading machinery
drivers/media/video/pvrusb2/pvrusb2-devattr.c: removed blobs

VIDEO_CX23885, VIDEO_CX88_BLACKBIRD, VIDEO_IVTV, VIDEO_PVRUSB2 - See above
include/media/cx2341x.h: removed blobs

VIDEO_GO7007 - Go 7007 support
drivers/staging/go7007/go7007-driver.c: disabled non-Free firmware-loading machinery
drivers/staging/go7007/go7007-driver.c: removed blobs
drivers/staging/go7007/go7007-fw.c: disabled non-Free firmware-loading machinery
drivers/staging/go7007/go7007-usb.c: removed blobs
drivers/staging/go7007/saa7134-go7007.c: removed blobs

VIDEO_GO7007_USB_S2250_BOARD - Sensoray 2250/2251 support
drivers/staging/go7007/s2250-loader.c: disabled non-Free firmware-loading machinery
drivers/staging/go7007/s2250-loader.c: removed blobs

VIDEO_SAA7134_DVB - DVB/ATSC Support for saa7134 based TV cards
drivers/media/video/saa7134/saa7134-dvb.c: disabled non-Free firmware-loading machinery

VIDEO_SAA7164 - NXP SAA7164 support
drivers/media/video/saa7164/saa7164-fw.c: disabled non-Free firmware-loading machinery
drivers/media/video/saa7164/saa7164-fw.c: removed blobs

VIDEO_TLG2300 - Telegent TLG2300 USB video capture support
drivers/media/video/tlg2300/pd-main.c: disabled non-Free firmware-loading machinery
drivers/media/video/tlg2300/pd-main.c: removed blobs

USB_DABUSB - left-over DABUSB firmware
firmware/dabusb/bitstream.bin.ihex: removed blobs
firmware/Makefile: dropped firmware/dabusb/bitstream.bin
firmware/dabusb/firmware.HEX: removed blobs
firmware/Makefile: dropped firmware/dabusb/firmware.fw

USB_S2255 - USB Sensoray 2255 video capture device
drivers/media/video/s2255drv.c: disabled non-Free firmware-loading machinery
drivers/media/video/s2255drv.c: removed blobs

USB_GSPCA_VICAM - USB 3com HomeConnect, AKA vicam
firmware/vicam/firmware.H16: removed
firmware/Makefile: dropped firmware/vicam/firmware.fw
drivers/media/video/gspca/vicam.c: disabled non-Free firmware-loading machinery
drivers/media/video/gspca/vicam.c: removed blobs

RADIO_WL1273 - Texas Instruments WL1273 I2C FM Radio
drivers/media/radio/radio-wl1273.c: disabled non-Free firmware-loading machinery
drivers/media/radio/radio-wl1273.c: removed blobs

RADIO_WL128X - Texas Instruments WL128x FM Radio
drivers/media/radio/wl128x/fmdrv_common.h: removed blobs
drivers/media/radio/wl128x/fmdrv_common.c: disabled non-Free firmware-loading machinery
drivers/media/radio/wl128x/fmdrv_common.c: removed blobs

ACENIC - Alteon AceNIC/3Com 3C985/NetGear GA620 Gigabit
firmware/acenic/tg1.bin.ihex: removed
firmware/Makefile: dropped firmware/acenic/tg1.bin
firmware/acenic/tg2.bin.ihex: removed
firmware/Makefile: dropped firmware/acenic/tg2.bin
drivers/net/acenic.c: disabled non-Free firmware-loading machinery
drivers/net/acenic.c: removed blobs

ADAPTEC_STARFIRE - Adaptec Starfire/DuraLAN support
firmware/adaptec/starfire_rx.bin.ihex: removed blobs
firmware/Makefile: dropped firmware/adaptec/starfire_rx.bin
firmware/adaptec/starfire_tx.bin.ihex: removed blobs
firmware/Makefile: dropped firmware/adaptec/starfire_tx.bin
drivers/net/starfire.c: disabled non-Free firmware-loading machinery
drivers/net/starfire.c: removed blobs

BNA - Brocade 1010/1020 10Gb Ethernet Driver support
drivers/net/bna/bnad.c: removed blobs
drivers/net/bna/cna.h: removed blobs
drivers/net/bna/cna_fwimg.c: disabled non-Free firmware-loading machinery

BNX2 - Broadcom NetXtremeII
firmware/bnx2/bnx2-mips-09-6.2.1a.fw.ihex: removed
firmware/Makefile: dropped firmware/bnx2/bnx2-mips-09-6.2.1a.fw
firmware/bnx2/bnx2-rv2p-09-6.0.17.fw.ihex: removed
firmware/Makefile: dropped firmware/bnx2/bnx2-rv2p-09-6.0.17.fw
firmware/bnx2/bnx2-rv2p-09ax-6.0.17.fw.ihex: removed
firmware/Makefile: dropped firmware/bnx2/bnx2-rv2p-09ax-6.0.17.fw
firmware/bnx2/bnx2-mips-06-6.2.1.fw.ihex: removed
firmware/Makefile: dropped firmware/bnx2/bnx2-mips-06-6.2.1.fw
firmware/bnx2/bnx2-rv2p-06-6.0.15.fw.ihex: removed
firmware/Makefile: dropped firmware/bnx2/bnx2-rv2p-06-6.0.15.fw
drivers/net/bnx2.c: disabled non-Free firmware-loading machinery
drivers/net/bnx2.c: removed blobs

BNX2X - Broadcom NetXtremeII 10Gb support
firmware/bnx2x/bnx2x-e1-6.2.5.0.fw.ihex: removed
firmware/Makefile: dropped firmware/bnx2x/bnx2x-e1-6.2.5.0.fw
firmware/bnx2x/bnx2x-e1h-6.2.5.0.fw.ihex: removed
firmware/Makefile: dropped firmware/bnx2x/bnx2x-e1h-6.2.5.0.fw
firmware/bnx2x/bnx2x-e2-6.2.5.0.fw.ihex: removed
firmware/Makefile: dropped firmware/bnx2x/bnx2x-e2-6.2.5.0.fw
drivers/net/bnx2x/bnx2x_main.c: disabled non-Free firmware-loading machinery
drivers/net/bnx2x/bnx2x_main.c: report missing Free firmware
drivers/net/bnx2x/bnx2x_main.c: removed blobs
drivers/net/bnx2x/bnx2x_hsi.h: removed blobs
drivers/net/bnx2x/bnx2x_init_ops.h: removed blobs

CASSINI - Sun Cassini
firmware/sun/cassini.bin.ihex: removed
firmware/Makefile: dropped firmware/sun/cassini.bin
drivers/net/cassini.c: disabled non-Free firmware-loading machinery
drivers/net/cassini.c: removed blobs

CHELSIO_T3 - Chelsio AEL 2005 support
firmware/cxgb3/t3b_psram-1.1.0.bin.ihex: removed
firmware/Makefile: dropped firmware/cxgb3/t3b_psram-1.1.0.bin
firmware/cxgb3/t3c_psram-1.1.0.bin.ihex: removed
firmware/Makefile: dropped firmware/cxgb3/t3c_psram-1.1.0.bin
firmware/cxgb3/t3fw-7.10.0.bin.ihex: removed
firmware/Makefile: dropped firmware/cxgb3/t3fw-7.10.0.bin
firmware/cxgb3/ael2005_opt_edc.bin.ihex: removed
firmware/Makefile: dropped firmware/cxgb3/ael2005_opt_edc.bin
firmware/cxgb3/ael2005_twx_edc.bin.ihex: removed
firmware/Makefile: dropped firmware/cxgb3/ael2005_twx_edc.bin
firmware/cxgb3/ael2020_twx_edc.bin.ihex: removed
firmware/Makefile: dropped firmware/cxgb3/ael2020_twx_edc.bin
drivers/net/cxgb3/cxgb3_main.c: disabled non-Free firmware-loading machinery
drivers/net/cxgb3/cxgb3_main.c: removed blobs

CHELSIO_T4 - Chelsio Communications T4 Ethernet support
drivers/net/cxgb4/cxgb4_main.c: disabled non-Free firmware-loading machinery
drivers/net/cxgb4/cxgb4_main.c: removed blobs

E100 - Intel PRO/100+
firmware/e100/d101m_ucode.bin.ihex: removed
firmware/Makefile: dropped firmware/e100/d101m_ucode.bin
firmware/e100/d101s_ucode.bin.ihex: removed
firmware/Makefile: dropped firmware/e100/d101s_ucode.bin
firmware/e100/d102e_ucode.bin.ihex: removed
firmware/Makefile: dropped firmware/e100/d102e_ucode.bin
drivers/net/e100.c: disabled non-Free firmware-loading machinery
drivers/net/e100.c: proceed without firmware
drivers/net/e100.c: removed blobs

FT1000_PCMCIA - Driver for ft1000 pcmcia device.
drivers/staging/ft1000/ft1000-pcmcia/ft1000.img: removed
drivers/staging/ft1000/TODO: disabled non-Free firmware-loading machinery
drivers/staging/ft1000/ft1000-pcmcia/boot.h: removed blobs
drivers/staging/ft1000/ft1000-pcmcia/ft1000_hw.c: disabled non-Free firmware-loading machinery
drivers/staging/ft1000/ft1000-pcmcia/ft1000_hw.c: disabled non-Free firmware-loading machinery
drivers/staging/ft1000/ft1000-pcmcia/ft1000_hw.c: removed blobs

FT1000_USB - Driver for ft1000 USB devices.
drivers/staging/ft1000/ft1000-usb/ft3000.img: removed
drivers/staging/ft1000/ft1000-usb/ft1000_usb.c: disabled non-Free firmware-loading machinery
drivers/staging/ft1000/ft1000-usb/ft1000_usb.c: removed blobs

MYRI_SBUS - MyriCOM Gigabit Ethernet
firmware/myricom/lanai.bin.ihex: removed
firmware/Makefile: dropped firmware/myricom/lanai.bin
drivers/net/myri_sbus.c: disabled non-Free firmware-loading machinery
drivers/net/myri_sbus.c: removed blobs

MYRI10GE - Myricom Myri-10G Ethernet support
drivers/net/myri10ge/myri10ge.c: disabled non-Free firmware-loading machinery
drivers/net/myri10ge/myri10ge.c: removed blobs

NETXEN_NIC - NetXen Multi port (1/10) Gigabit Ethernet NIC
drivers/net/netxen/netxen_nic.h: disabled non-Free firmware-loading machinery
drivers/net/netxen/netxen_nic_main.c: disabled non-Free firmware-loading machinery
drivers/net/netxen/netxen_nic_init.c: disabled non-Free firmware-loading machinery
drivers/net/netxen/netxen_nic.h: removed blobs
drivers/net/netxen/netxen_nic_main.c: removed blobs

QLCNIC - QLOGIC QLCNIC 1/10Gb Converged Ethernet NIC Support
drivers/net/qlcnic/qlcnic.h: disabled non-Free firmware-loading machinery
drivers/net/qlcnic/qlcnic_init.c: disabled non-Free firmware-loading machinery
drivers/net/qlcnic/qlcnic_main.c: disabled non-Free firmware-loading machinery
drivers/net/qlcnic/qlcnic.h: removed blobs
drivers/net/qlcnic/qlcnic_main.c: removed blobs

R8169 - Realtek 8169 gigabit ethernet support
drivers/net/r8169.c: disabled non-Free firmware-loading machinery
drivers/net/r8169.c: removed blobs

SLICOSS - Alacritech Gigabit IS-NIC cards
drivers/staging/slicoss/slicoss.c: disabled non-Free firmware-loading machinery
drivers/staging/slicoss/slicoss.c: removed blobs

SPIDER_NET - Spider Gigabit Ethernet driver
drivers/net/spider_net.c: disabled non-Free firmware-loading machinery
drivers/net/spider_net.c: removed non-Free firmware notes
drivers/net/spider_net.c: removed blobs
drivers/net/spider_net.h: removed blobs

TEHUTI - Tehuti Networks 10G Ethernet
firmware/tehuti/bdx.bin.ihex: removed
firmware/Makefile: dropped firmware/tehuti/bdx.bin
drivers/net/tehuti.c: disabled non-Free firmware-loading machinery
drivers/net/tehuti.c: removed blobs

TIGON3 - Broadcom Tigon3
firmware/tigon/tg3.bin.ihex: removed
firmware/Makefile: dropped firmware/tigon/tg3.bin
firmware/tigon/tg3_tso.bin.ihex: removed
firmware/Makefile: dropped firmware/tigon/tg3_tso.bin
firmware/tigon/tg3_tso5.bin.ihex: removed
firmware/Makefile: dropped firmware/tigon/tg3_tso5.bin
drivers/net/tg3.c: disabled non-Free firmware-loading machinery
drivers/net/tg3.c: removed blobs

TYPHOON - 3cr990 series Typhoon
firmware/3com/typhoon.bin.ihex: removed
firmware/Makefile: dropped firmware/3com/typhoon.bin
drivers/net/typhoon.c: disabled non-Free firmware-loading machinery
drivers/net/typhoon.c: removed blobs

VXGE - Exar X3100 Series 10GbE PCIe Server Adapter
drivers/net/vxge/vxge-main.c: disabled non-Free firmware-loading machinery
drivers/net/vxge/vxge-main.c: removed blobs

COPS - COPS LocalTalk PC
drivers/net/appletalk/cops.c: report missing Free firmware
drivers/net/appletalk/cops.c: removed blobs
drivers/net/appletalk/cops_ffdrv.h: removed
drivers/net/appletalk/cops_ltdrv.h: removed

YAM - YAM driver for AX.25
firmware/yam/1200.bin.ihex: removed
firmware/Makefile: dropped firmware/yam/1200.bin
firmware/yam/9600.bin.ihex: removed
firmware/Makefile: dropped firmware/yam/9600.bin
drivers/net/hamradio/yam.c: disabled non-Free firmware-loading machinery
drivers/net/hamradio/yam.c: removed blobs

USB_IRDA - IrDA USB dongles
drivers/net/irda/irda-usb.c: disabled non-Free firmware-loading machinery
drivers/net/irda/irda-usb.c: removed blobs

PCMCIA_SMC91C92 - SMC 91Cxx PCMCIA
firmware/ositech/Xilinx7OD.bin.ihex: removed
firmware/Makefile: dropped firmware/ositech/Xilinx7OD.bin
drivers/net/pcmcia/smc91c92_cs.c: disabled non-Free firmware-loading machinery
drivers/net/pcmcia/smc91c92_cs.c: removed blobs

PCMCIA_3C574 - 3Com 3c574 PCMCIA support
firmware/cis/3CCFEM556.cis.ihex: removed
firmware/Makefile: dropped firmware/cis/3CCFEM556.cis

PCMCIA_3C589 - 3Com 3c589 PCMCIA support
firmware/cis/3CXEM556.cis.ihex: removed
firmware/Makefile: dropped firmware/cis/3CXEM556.cis

PCMCIA_PCNET - NE2000 compatible PCMCIA support
firmware/cis/LA-PCM.cis.ihex: removed
firmware/Makefile: dropped firmware/cis/LA-PCM.cis
firmware/cis/PCMLM28.cis.ihex: removed
firmware/Makefile: dropped firmware/cis/PCMLM28.cis
firmware/cis/DP83903.cis.ihex: removed
firmware/Makefile: dropped firmware/cis/DP83903.cis
firmware/cis/NE2K.cis.ihex: removed
firmware/Makefile: dropped firmware/cis/NE2K.cis
firmware/cis/tamarack.cis.ihex: removed
firmware/Makefile: dropped firmware/cis/tamarack.cis
firmware/cis/PE-200.cis.ihex: removed
firmware/Makefile: dropped firmware/cis/PE-200.cis
firmware/cis/PE520.cis.ihex: removed
firmware/Makefile: dropped firmware/cis/PE520.cis

3C359 - 3Com 3C359 Token Link Velocity XL adapter
firmware/3com/3C359.bin.ihex: removed
firmware/Makefile: dropped firmware/3com/3C359.bin
drivers/net/tokenring/3c359.c: disabled non-Free firmware-loading machinery
drivers/net/tokenring/3c359.c: removed blobs

SMCTR - SMC ISA/MCA adapter
firmware/tr_smctr.bin.ihex: removed
firmware/Makefile: dropped firmware/tr_smctr.bin
drivers/net/tokenring/smctr.c: disabled non-Free firmware-loading machinery
drivers/net/tokenring/smctr.c: removed blobs

TMS380TR - Generic TMS380 Token Ring ISA/PCI adapter support
drivers/net/tokenring/tms380tr.c: disabled non-Free firmware-loading machinery
drivers/net/tokenring/tms380tr.c: removed blobs

USB_KAWETH - USB KLSI KL5USB101-based ethernet device support
firmware/kaweth/new_code.bin.ihex: removed
firmware/Makefile: dropped firmware/kaweth/new_code.bin
firmware/kaweth/new_code_fix.bin.ihex: removed
firmware/Makefile: dropped firmware/kaweth/new_code_fix.bin
firmware/kaweth/trigger_code.bin.ihex: removed
firmware/Makefile: dropped firmware/kaweth/trigger_code.bin
firmware/kaweth/trigger_code_fix.bin.ihex: removed
firmware/Makefile: dropped firmware/kaweth/trigger_code_fix.bin
drivers/net/usb/kaweth.c: disabled non-Free firmware-loading machinery
drivers/net/usb/kaweth.c: removed blobs

ATMEL Atmel at76c50x chipset  802.11b support
drivers/net/wireless/atmel.c: disabled non-Free firmware-loading machinery
drivers/net/wireless/atmel.c: removed blobs

AT76C50X_USB - Atmel at76c503/at76c505/at76c505a USB cards
drivers/net/wireless/at76c50x-usb.c: disabled non-Free firmware-loading machinery
drivers/net/wireless/at76c50x-usb.c: removed blobs

B43 - Broadcom 43xx wireless support (mac80211 stack)
drivers/net/wireless/b43/main.c: retain Free firmware-loading machinery, disabling non-Free one
drivers/net/wireless/b43/main.c: double-check and reject non-Free firmware
drivers/net/wireless/b43/main.c: removed blobs

B43LEGACY - Broadcom 43xx-legacy wireless support (mac80211 stack)
drivers/net/wireless/b43legacy/main.c: disabled non-Free firmware-loading machinery
drivers/net/wireless/b43legacy/main.c: removed blobs

BRCMSMAC_PCI - Broadcom IEEE802.11n PCIe SoftMAC WLAN driver
drivers/staging/brcm80211/README: removed blobs
drivers/staging/brcm80211/brcmsmac/wl_mac80211.c: disabled non-Free firmware-loading machinery
drivers/staging/brcm80211/brcmsmac/wl_mac80211.c: removed blobs

BRCMFMAC - Broadcom IEEE802.11n embedded FullMAC WLAN driver
drivers/staging/brcm80211/brcmfmac/README: removed blobs
drivers/staging/brcm80211/brcmfmac/wl_cfg80211.c: disabled non-Free firmware-loading machinery
drivers/staging/brcm80211/brcmfmac/wl_cfg80211.c: removed blobs

HERMES - Hermes chipset 802.11b support (Orinoco/Prism2/Symbol)
drivers/net/wireless/orinoco/fw.c: disabled non-Free firmware-loading machinery
drivers/net/wireless/orinoco/fw.c: removed blobs

ORINOCO_USB - Agere Orinoco USB support
drivers/net/wireless/orinoco/orinoco_usb.c: disabled non-Free firmware-loading machinery
drivers/net/wireless/orinoco/orinoco_usb.c: removed blobs

WLAGS49_H2 - Agere Systems HERMES II Wireless PC Card Model 0110
drivers/staging/wlags49_h2/ap_h2.c: removed blobs
drivers/staging/wlags49_h2/sta_h2.c: removed blobs
drivers/staging/wlags49_h2/wl_profile.c: removed blobs
drivers/staging/wlags49_h2/wl_main.c: reject built-in non-Free firmware

WLAGS49_H25 - Linksys Systems HERMES II.5 Wireless-G_CompactFlash_Card
drivers/staging/wlags49_h2/ap_h25.c: removed blobs
drivers/staging/wlags49_h2/sta_h25.c: removed blobs

IPW2100 - Intel PRO/Wireless 2100 Network Connection
drivers/net/wireless/ipw2x00/ipw2100.c: disabled non-Free firmware-loading machinery
drivers/net/wireless/ipw2x00/ipw2100.c: removed blobs

IPW2200 - Intel PRO/Wireless 2200BG and 2915ABG Network Connection
drivers/net/wireless/ipw2x00/ipw2200.c: disabled non-Free firmware-loading machinery
drivers/net/wireless/ipw2x00/ipw2200.c: removed blobs

IWL3945 - Intel PRO/Wireless 3945ABG/BG Network Connection
drivers/net/wireless/iwlegacy/iwl3945-base.c: disabled non-Free firmware-loading machinery
drivers/net/wireless/iwlegacy/iwl3945-base.c: removed blobs
drivers/net/wireless/iwlegacy/iwl-3945.h: removed blobs

IWLAGN - Intel Wireless WiFi Next Gen AGN
drivers/net/wireless/iwlwifi/iwl-agn.c: disabled non-Free firmware-loading machinery
drivers/net/wireless/iwlwifi/iwl-agn.c: removed blobs
drivers/net/wireless/iwlwifi/iwl-5000.c: removed blobs
drivers/net/wireless/iwlwifi/iwl-6000.c: removed blobs
drivers/net/wireless/iwlwifi/iwl-1000.c: removed blobs
drivers/net/wireless/iwlwifi/iwl-2000.c: removed blobs

IWL4965 - Intel Wireless WiFi 4965AGN
drivers/net/wireless/iwlegacy/iwl4965-base.c: disabled non-Free firmware-loading machinery
drivers/net/wireless/iwlegacy/iwl4965-base.c: removed blobs
drivers/net/wireless/iwlegacy/iwl-4965.c: removed blobs

IWM - Intel Wireless Multicomm 3200 WiFi driver
drivers/net/wireless/iwmc3200wifi/fw.c: disabled non-Free firmware-loading machinery
drivers/net/wireless/iwmc3200wifi/sdio.c: removed blobs

IWMC3200TOP - Intel Wireless MultiCom Top Driver
drivers/misc/iwmc3200top/fw-download.c: disabled non-Free firmware-loading machinery
drivers/misc/iwmc3200top/iwmc3200top.h: removed non-Free firmware name
drivers/misc/iwmc3200top/main.c: removed blobs

LIBERTAS - Marvell 8xxx Libertas WLAN driver support
drivers/net/wireless/libertas/main.c: disabled non-Free firmware-loading machinery

LIBERTAS_CS - Marvell Libertas 8385 CompactFlash 802.11b/g cards
drivers/net/wireless/libertas/if_cs.c: removed blobs

LIBERTAS_SDIO - Marvell Libertas 8385 and 8686 SDIO 802.11b/g cards
drivers/net/wireless/libertas/if_sdio.c: removed blobs

LIBERTAS_SPI - Marvell Libertas 8686 SPI 802.11b/g cards
drivers/net/wireless/libertas/if_spi.c: removed blobs

LIBERTAS_USB - Marvell Libertas 8388 USB 802.11b/g cards
drivers/net/wireless/libertas/if_usb.c: disabled non-Free firmware-loading machinery
drivers/net/wireless/libertas/if_usb.c: removed blobs
drivers/net/wireless/libertas/README: removed blobs

LIBERTAS_THINFIRM_USB - Marvell Libertas 8388 USB 802.11b/g cards with thin firmware
drivers/net/wireless/libertas_tf/if_usb.c: disabled non-Free firmware-loading machinery
drivers/net/wireless/libertas_tf/if_usb.c: removed blobs

MWL8K - Marvell 88W8xxx PCI/PCIe Wireless support
drivers/net/wireless/mwl8k.c: disabled non-Free firmware-loading machinery
drivers/net/wireless/mwl8k.c: removed blobs

ATH6K_LEGACY - Atheros AR6003 support (non mac80211)
drivers/staging/ath6kl/os/linux/ar6000_android.c: disabled non-Free firmware-loading machinery
drivers/staging/ath6kl/os/linux/include/osapi_linux.h: disabled non-Free firmware-loading machinery
drivers/staging/ath6kl/os/linux/ar6000_android.c: disabled non-Free firmware loading machinery
drivers/staging/ath6kl/os/linux/include/ar6000_drv.h: removed blobs
drivers/staging/ath6kl/Kconfig: removed blob names

PRISM2_USB - Prism2.5/3 USB driver
drivers/staging/wlan-ng/prism2fw.c: disabled non-Free firmware-loading machinery
drivers/staging/wlan-ng/prism2fw.c: removed blobs

P54_PCI - Prism54 PCI support
drivers/net/wireless/p54/p54pci.c: disabled non-Free firmware-loading machinery
drivers/net/wireless/p54/p54pci.c: removed blobs

P54_SPI - Prism54 SPI (stlc45xx) support
drivers/net/wireless/p54/p54spi.c: disabled non-Free firmware-loading machinery
drivers/net/wireless/p54/p54spi.c: removed blobs

P54_USB - Prism54 USB support
drivers/net/wireless/p54/p54usb.c: disabled non-Free firmware-loading machinery
drivers/net/wireless/p54/p54usb.c: removed blobs
drivers/net/wireless/p54/p54usb.h: removed blobs

PRISM54 - Intersil Prism GT/Duette/Indigo PCI/Cardbus
drivers/net/wireless/prism54/islpci_dev.c: disabled non-Free firmware-loading machinery
drivers/net/wireless/prism54/islpci_dev.c: removed blobs

RT2X00_LIB_FIRMWARE - Ralink driver firmware support
drivers/net/wireless/rt2x00/rt2x00firmware.c: disabled non-Free firmware-loading machinery

RT61PCI - Ralink rt2501/rt61 (PCI/PCMCIA) support
drivers/net/wireless/rt2x00/rt61pci.h: removed blobs
drivers/net/wireless/rt2x00/rt61pci.c: removed blobs

RT73USB - Ralink rt2501/rt73 (USB) support
drivers/net/wireless/rt2x00/rt73usb.h: removed blobs
drivers/net/wireless/rt2x00/rt73usb.c: removed blobs

RT2800PCI - Ralink rt2800 (PCI/PCMCIA) support
drivers/net/wireless/rt2x00/rt2800pci.h: removed blobs
drivers/net/wireless/rt2x00/rt2800pci.c: removed blobs

RT2800USB - Ralink rt2800 (USB) support
drivers/net/wireless/rt2x00/rt2800usb.h: removed blobs
drivers/net/wireless/rt2x00/rt2800usb.c: removed blobs

RT2860 - Ralink 2860/3090 wireless support
drivers/staging/rt2860/common/rtmp_mcu.c: disabled non-Free firmware-loading machinery
drivers/staging/rt2860/common/rtmp_mcu.c: removed blobs
drivers/staging/rt2860/rtmp_def.h: removed blobs
drivers/staging/rt2860/common/ee_efuse.c: removed blobs

RT2870 - Ralink 2870/3070 wireless support

RTL8192C_COMMON - Realtek RTL8192C[EU]/RTL8188C[EU] Wireless Network Adapters
drivers/net/wireless/rtlwifi/rtl8192c/fw_common.c: disabled non-Free firmware-loading machinery

RTL8192CE - Realtek RTL8192CE/RTL8188CE Wireless Network Adapter
drivers/net/wireless/rtlwifi/rtl8192ce/sw.c: removed blobs

RTL8192CU - Realtek RTL8192CU/RTL8188CU USB Wireless Network Adapter
drivers/net/wireless/rtlwifi/rtl8192cu/sw.c: removed blobs

RTL8192E - RealTek RTL8192E Wireless LAN NIC driver
drivers/staging/rtl8192e/r819xE_firmware.c: disabled non-Free firmware-loading machinery
drivers/staging/rtl8192e/r819xE_firmware.c: removed blobs

RTL8192U - RealTek RTL8192U Wireless LAN NIC driver
drivers/staging/rtl8192u/r819xU_firmware.c: disabled non-Free firmware-loading machinery
drivers/staging/rtl8192u/r819xU_firmware.c: removed blobs

R8712U - RealTek RTL8712U (RTL8192SU) Wireless LAN NIC driver
drivers/staging/rtl8712/hal_init.c: disabled non-Free firmware-loading machinery
drivers/staging/rtl8712/hal_init.c: removed blobs

VT6656 - VIA Technologies VT6656 support
drivers/staging/vt6656/firmware.c: disabled non-Free firmware-loading machinery
drivers/staging/vt6656/firmware.c: removed blobs

WL1251 - TI wl1251 support
drivers/net/wireless/wl1251/main.c: disabled non-Free firmware-loading machinery
drivers/net/wireless/wl1251/main.c: removed blobs
drivers/net/wireless/wl1251/wl1251.h: removed blobs

WL12XX - TI wl12xx support
drivers/net/wireless/wl12xx/main.c: disabled non-Free firmware-loading machinery
drivers/net/wireless/wl12xx/wl12xx.h: removed blobs

WL12XX_SDIO - TI wl12xx SDIO support
drivers/net/wireless/wl12xx/sdio.c: removed blobs

WL12XX_SDIO_TEST - TI wl12xx SDIO testing support
drivers/net/wireless/wl12xx/sdio_test.c: disabled non-Free firmware-loading machinery

WL12XX_SPI - TI wl12xx SPI support
drivers/net/wireless/wl12xx/spi.c: removed blobs

USB_ZD1201 - USB ZD1201 based Wireless device support
drivers/net/wireless/zd1201.c: disabled non-Free firmware-loading machinery
drivers/net/wireless/zd1201.c: removed blobs

ZD1211RW - ZyDAS ZD1211/ZD1211B USB-wireless support
drivers/net/wireless/zd1211rw/zd_usb.c: disabled non-Free firmware-loading machinery
drivers/net/wireless/zd1211rw/zd_usb.c: removed blobs

BT_ATH3K - Atheros firmware download driver
drivers/bluetooth/ath3k.c: disabled non-Free firmware-loading machinery
drivers/bluetooth/ath3k.c: removed blobs

BT_HCIBCM203X - HCI BCM203x USB driver
drivers/bluetooth/bcm203x.c: disabled non-Free firmware-loading machinery
drivers/bluetooth/bcm203x.c: removed blobs

BT_HCIBFUSB - HCI BlueFRITZ! USB driver
drivers/bluetooth/bfusb.c: disabled non-Free firmware-loading machinery
drivers/bluetooth/bfusb.c: removed blobs

BT_HCIBT3C - HCI BT3C (PC Card) driver
drivers/bluetooth/bt3c_cs.c: disabled non-Free firmware-loading machinery
drivers/bluetooth/bt3c_cs.c: removed blobs

BT_MRVL_SDIO - Marvell BT-over-SDIO driver
drivers/bluetooth/btmrvl_sdio.c: disabled non-Free firmware-loading machinery
drivers/bluetooth/btmrvl_sdio.c: removed blobs
Documentation/btmrvl.txt: removed blobs

TI_ST - Texas Instruments shared transport line discipline
drivers/misc/ti-st/st_kim.c: disabled non-Free firmware-loading machinery
drivers/misc/ti-st/st_kim.c: removed blobs

WIMAX_I2400M - Intel Wireless WiMAX Connection 2400
drivers/net/wimax/i2400m/fw.c: disabled non-Free firmware-loading machinery
drivers/net/wimax/i2400m/sdio.c: removed blobs
drivers/net/wimax/i2400m/usb.c: removed blobs
Documentation/wimax/README.i2400m: removed blobs

BCM_WIMAX - Beceem BCS200/BCS220-3 and BCSM250 wimax support
drivers/staging/bcm/Macros.h: removed blobs
drivers/staging/bcm/Misc.c: disabled non-Free firmware loading machinery

INFINIBAND_QIB - QLogic PCIe HCA support
firmware/qlogic/sd7220.fw.ihex: removed
firmware/Makefile: dropped firmware/qlogic/sd7220.fw
drivers/infiniband/hw/qib/qib_sd7220.c: disabled non-Free firmware-loading machinery
drivers/infiniband/hw/qib/qib_sd7220.c: removed blobs

CAN_SOFTING - Softing Gmbh CAN generic support
drivers/net/can/softing/softing_fw.c: disabled non-Free firmware-loading machinery

CAN_SOFTING_CS - Softing Gmbh CAN pcmcia cards
drivers/net/can/softing/softing_cs.c: removed blobs
drivers/net/can/softing/softing_platform.h: removed blobs
drivers/net/can/softing/Kconfig: removed firmware notes

ISDN_DIVAS - Support Eicon DIVA Server cards
drivers/isdn/hardware/eicon/cardtype.h: removed blobs
drivers/isdn/hardware/eicon/dsp_defs.h: removed blobs

MISDN_SPEEDFAX - Support for Sedlbauer Speedfax+
drivers/isdn/hardware/mISDN/speedfax.c: disabled non-Free firmware-loading machinery
drivers/isdn/hardware/mISDN/speedfax.c: removed blobs

SERIAL_8250_CS - 8250/16550 PCMCIA device support
firmware/cis/MT5634ZLX.cis.ihex: removed
firmware/Makefile: dropped firmware/cis/MT5634ZLX.cis
firmware/cis/RS-COM-2P.cis.ihex: removed
firmware/Makefile: dropped firmware/cis/RS-COM-2P.cis
firmware/cis/COMpad2.cis.ihex: removed
firmware/Makefile: dropped firmware/cis/COMpad2.cis
firmware/cis/COMpad4.cis.ihex: removed
firmware/Makefile: dropped firmware/cis/COMpad4.cis
firmware/cis/SW_555_SER.cis.ihex: removed
firmware/Makefile: dropped firmware/cis/SW_555_SER.cis
firmware/cis/SW_7xx_SER.cis.ihex: removed
firmware/Makefile: dropped firmware/cis/SW_7xx_SER.cis
firmware/cis/SW_8xx_SER.cis.ihex: removed
firmware/Makefile: dropped firmware/cis/SW_8xx_SER.cis

SERIAL_ICOM - IBM Multiport Serial Adapter
drivers/tty/serial/icom.c: disabled non-Free firmware-loading machinery
drivers/tty/serial/icom.c: removed blobs

SERIAL_QE - Freescale QUICC Engine serial port support
drivers/tty/serial/ucc_uart.c: disabled non-Free firmware-loading machinery
drivers/tty/serial/ucc_uart.c: removed blobs

TOUCHSCREEN_ATMEL_MXT - Atmel mXT I2C Touchscreen
drivers/input/touchscreen/atmel_mxt_ts.c: disabled non-Free firmware-loading machinery
drivers/input/touchscreen/atmel_mxt_ts.c: removed blobs

LIRC_ZILOG - Zilog/Hauppauge IR Transmitter
drivers/staging/lirc/lirc_zilog.c: disabled non-Free firmware-loading machinery
drivers/staging/lirc/lirc_zilog.c: removed blobs

COMEDI_PCI_DRIVERS - Data acquisition support Comedi PCI drivers
drivers/staging/comedi/drivers/jr3_pci.c: disabled non-Free firmware-loading machinery
drivers/staging/comedi/drivers/jr3_pci.c: removed blobs

COMEDI_USBDUX - ITL USBDUX support
drivers/staging/comedi/drivers/usbdux.c: disabled non-Free firmware-loading machinery
drivers/staging/comedi/drivers/usbdux.c: removed blobs

COMEDI_USBDUXFAST - ITL USB-DUXfast support
drivers/staging/comedi/drivers/usbduxfast.c: disabled non-Free firmware-loading machinery
drivers/staging/comedi/drivers/usbduxfast.c: removed blobs

SCSI_QLOGICPTI - PTI Qlogic, ISP Driver
firmware/qlogic/isp1000.bin.ihex: removed
firmware/Makefile: dropped firmware/qlogic/isp1000.bin
drivers/scsi/qlogicpti.c: disabled non-Free firmware-loading machinery
drivers/scsi/qlogicpti.c: removed blobs

SCSI_ADVANSYS - AdvanSys SCSI
firmware/advansys/mcode.bin.ihex: removed
firmware/Makefile: dropped firmware/advansys/mcode.bin
firmware/advansys/3550.bin.ihex: removed
firmware/Makefile: dropped firmware/advansys/3550.bin
firmware/advansys/38C0800.bin.ihex: removed
firmware/Makefile: dropped firmware/advansys/38C0800.bin
firmware/advansys/38C1600.bin.ihex: removed
firmware/Makefile: dropped firmware/advansys/38C1600.bin
drivers/scsi/advansys.c: disabled non-Free firmware-loading machinery
drivers/scsi/advansys.c: removed blobs

SCSI_QLOGIC_1280 - Qlogic QLA 1240/1x80/1x160 SCSI
firmware/qlogic/1040.bin.ihex: removed
firmware/Makefile: dropped firmware/qlogic/1040.bin
firmware/qlogic/1280.bin.ihex: removed
firmware/Makefile: dropped firmware/qlogic/1280.bin
firmware/qlogic/12160.bin.ihex: removed
firmware/Makefile: dropped firmware/qlogic/12160.bin
drivers/scsi/qla1280.c: disabled non-Free firmware-loading machinery
drivers/scsi/qla1280.c: removed blobs

SCSI_AIC94XX - Adaptec AIC94xx SAS/SATA support
drivers/scsi/aic94xx/aic94xx_seq.c: disabled non-Free firmware-loading machinery
drivers/scsi/aic94xx/aic94xx_seq.c: removed blobs
drivers/scsi/aic94xx/aic94xx_seq.h: removed blobs

SCSI_BFA_FC - Brocade BFA Fibre Channel Support
drivers/scsi/bfa/bfad_im.h: removed blobs
drivers/scsi/bfa/bfad.c: disabled non-Free firmware-loading machinery
drivers/scsi/bfa/bfad.c: removed blobs

SCSI_QLA_FC - QLogic QLA2XXX Fibre Channel Support
drivers/scsi/qla2xxx/qla_gbl.h: disabled non-Free firmware-loading machinery
drivers/scsi/qla2xxx/qla_init.c: disabled non-Free firmware-loading machinery
drivers/scsi/qla2xxx/qla_os.c: disabled non-Free firmware-loading machinery
drivers/scsi/qla2xxx/qla_nx.c: disabled non-Free firmware-loading machinery
drivers/scsi/qla2xxx/Kconfig: removed firmware notes
drivers/scsi/qla2xxx/qla_os.c: removed blobs

USB_CXACRU - Conexant AccessRunner USB support
drivers/usb/atm/cxacru.c: disabled non-Free firmware-loading machinery
drivers/usb/atm/cxacru.c: removed blobs

USB_SPEEDTOUCH - Speedtouch USB support
drivers/usb/atm/speedtch.c: disabled non-Free firmware-loading machinery
drivers/usb/atm/speedtch.c: removed blobs

USB_UEAGLEATM - ADI 930 and eagle USB DSL modem
drivers/usb/atm/ueagle-atm.c: disabled non-Free firmware-loading machinery
drivers/usb/atm/ueagle-atm.c: removed blobs

USB_EMI26 - EMI 2|6 USB Audio interface
firmware/emi26/bitstream.HEX: removed
firmware/Makefile: dropped firmware/emi26/bitstream.fw
firmware/emi26/firmware.HEX: removed
firmware/Makefile: dropped firmware/emi26/firmware.fw
firmware/emi26/loader.HEX: removed
firmware/Makefile: dropped firmware/emi26/loader.fw
drivers/usb/misc/emi26.c: disabled non-Free firmware-loading machinery
drivers/usb/misc/emi26.c: removed blobs

USB_EMI62 - EMI 6|2m USB Audio interface
firmware/emi62/bitstream.HEX: removed
firmware/Makefile: dropped firmware/emi62/bitstream.fw
firmware/emi62/loader.HEX: removed
firmware/Makefile: dropped firmware/emi62/loader.fw
firmware/emi62/midi.HEX: removed
firmware/Makefile: dropped firmware/emi62/midi.fw
firmware/emi62/spdif.HEX: removed
firmware/Makefile: dropped firmware/emi62/spdif.fw
drivers/usb/misc/emi62.c: disabled non-Free firmware-loading machinery
drivers/usb/misc/emi62.c: removed blobs

USB_ISIGHTFW - iSight firmware loading support
drivers/usb/misc/isight_firmware.c: disabled non-Free firmware-loading machinery
drivers/usb/misc/isight_firmware.c: removed blobs

USB_STORAGE_ENE_UB6250 - USB ENE card reader support
drivers/usb/storage/ene_ub6250.c: disabled non-Free firmware-loading machinery
drivers/usb/storage/ene_ub6250.c: removed blobs

USB_ENESTORAGE - USB ENE card reader support
drivers/staging/keucr/init.h: removed blobs
drivers/staging/keucr/init.c: disable non-Free firmware loading machinery

USB_SERIAL_KEYSPAN - USB Keyspan USA-xxx Serial Driver
firmware/keyspan/mpr.HEX: removed
firmware/Makefile: dropped firmware/keyspan/mpr.fw
firmware/keyspan/usa18x.HEX: removed
firmware/Makefile: dropped firmware/keyspan/usa18x.fw
firmware/keyspan/usa19.HEX: removed
firmware/Makefile: dropped firmware/keyspan/usa19.fw
firmware/keyspan/usa19qi.HEX: removed
firmware/Makefile: dropped firmware/keyspan/usa19qi.fw
firmware/keyspan/usa19qw.HEX: removed
firmware/Makefile: dropped firmware/keyspan/usa19qw.fw
firmware/keyspan/usa19w.HEX: removed
firmware/Makefile: dropped firmware/keyspan/usa19w.fw
firmware/keyspan/usa28.HEX: removed
firmware/Makefile: dropped firmware/keyspan/usa28.fw
firmware/keyspan/usa28xa.HEX: removed
firmware/Makefile: dropped firmware/keyspan/usa28xa.fw
firmware/keyspan/usa28xb.HEX: removed
firmware/Makefile: dropped firmware/keyspan/usa28xb.fw
firmware/keyspan/usa28x.HEX: removed
firmware/Makefile: dropped firmware/keyspan/usa28x.fw
firmware/keyspan/usa49w.HEX: removed
firmware/Makefile: dropped firmware/keyspan/usa49w.fw
firmware/keyspan/usa49wlc.HEX: removed
firmware/Makefile: dropped firmware/keyspan/usa49wlc.fw
drivers/usb/serial/keyspan.c: disabled non-Free firmware-loading machinery
drivers/usb/serial/keyspan.c: removed blobs

USB_SERIAL_KEYSPAN_PDA - USB Keyspan PDA Single Port Serial Driver
drivers/usb/serial/keyspan_pda.c: accept Free firmware

USB_SERIAL_EDGEPORT - USB Inside Out Edgeport Serial Driver
firmware/edgeport/boot.H16: removed blobs
firmware/Makefile: dropped firmware/edgeport/boot.fw
firmware/edgeport/boot2.H16: removed blobs
firmware/Makefile: dropped firmware/edgeport/boot2.fw
firmware/edgeport/down.H16: removed blobs
firmware/Makefile: dropped firmware/edgeport/down.fw
firmware/edgeport/down2.H16: removed blobs
firmware/Makefile: dropped firmware/edgeport/down2.fw
drivers/usb/serial/io_edgeport.c: disabled non-Free firmware-loading machinery
drivers/usb/serial/io_edgeport.c: removed blobs

USB_SERIAL_EDGEPORT_TI - USB Inside Out Edgeport Serial Driver (TI devices)
firmware/edgeport/down3.bin.ihex: removed blobs
firmware/Makefile: dropped firmware/edgeport/down3.bin
drivers/usb/serial/io_ti.c: disabled non-Free firmware-loading machinery
drivers/usb/serial/io_ti.c: removed blobs

USB_SERIAL_TI - USB TI 3410/5052 Serial Driver
firmware/ti_3410.fw.ihex: removed
firmware/Makefile: dropped firmware/ti_3410.fw
firmware/ti_5052.fw.ihex: removed
firmware/Makefile: dropped firmware/ti_5052.fw
firmware/mts_cdma.fw.ihex: removed
firmware/Makefile: dropped firmware/mts_cdma.fw
firmware/mts_gsm.fw.ihex: removed
firmware/Makefile: dropped firmware/mts_gsm.fw
firmware/mts_edge.fw.ihex: removed
firmware/Makefile: dropped firmware/mts_edge.fw
drivers/usb/serial/ti_usb_3410_5052.c: disabled non-Free firmware-loading machinery
drivers/usb/serial/ti_usb_3410_5052.c: removed blobs

USB_SERIAL_WHITEHEAT - USB ConnectTech WhiteHEAT Serial Driver
firmware/whiteheat.HEX: removed blobs
firmware/Makefile: dropped firmware/whiteheat.fw
firmware/whiteheat_loader.HEX: removed blobs
firmware/Makefile: dropped firmware/whiteheat_loader.fw
firmware/whiteheat_loader_debug.HEX: removed blobs
firmware/Makefile: dropped firmware/whiteheat_loader_debug.fw
drivers/usb/serial/whiteheat.c: disabled non-Free firmware-loading machinery
drivers/usb/serial/whiteheat.c: removed blobs

UWB_I1480U - Support for Intel Wireless UWB Link 1480 HWA
drivers/uwb/i1480/dfu/i1480-dfu.h: disabled non-Free firmware-loading machinery
drivers/uwb/i1480/dfu/mac.c: disabled non-Free firmware-loading machinery
drivers/uwb/i1480/dfu/phy.c: disabled non-Free firmware-loading machinery
drivers/uwb/i1480/dfu/usb.c: removed blobs

SND_ASIHPI - AudioScience ASIxxxx
sound/pci/asihpi/hpidspcd.c: disabled non-Free firmware-loading machinery
sound/pci/asihpi/hpidspcd.c: removed blobs
sound/pci/asihpi/hpioctl.c: removed blobs

SND_CS46XX - Cirrus Logic (Sound Fusion) CS4280/CS461x/CS462x/CS463x
sound/pci/cs46xx/cs46xx_image.h: removed
sound/pci/cs46xx/imgs/cwc4630.h: removed
sound/pci/cs46xx/imgs/cwcasync.h: removed
sound/pci/cs46xx/imgs/cwcsnoop.h: removed
sound/pci/cs46xx/cs46xx_lib.c: report missing Free firmware
sound/pci/cs46xx/cs46xx_lib.c: removed blobs

SND_INTEL_SST - Intel SST (LPE) Driver
drivers/staging/intel_sst/intel_sst_drv_interface.c: disabled non-Free firmware-loading machinery
drivers/staging/intel_sst/intel_sst_drv_interface.c: removed blobs
drivers/staging/intel_sst/intel_sst_dsp.c: disabled non-Free firmware-loading machinery

SND_KORG1212 - Korg 1212 IO
firmware/korg/k1212.dsp.ihex: removed
firmware/Makefile: dropped firmware/korg/k1212.dsp
sound/pci/korg1212/korg1212.c: disabled non-Free firmware-loading machinery
sound/pci/korg1212/korg1212.c: removed blobs

SND_MAESTRO3 - ESS Allegro/Maestro3
firmware/ess/maestro3_assp_kernel.fw.ihex: removed
firmware/Makefile: dropped firmware/ess/maestro3_assp_kernel.fw
firmware/ess/maestro3_assp_minisrc.fw.ihex: removed
firmware/Makefile: dropped firmware/ess/maestro3_assp_minisrc.fw
sound/pci/maestro3.c: disabled non-Free firmware-loading machinery
sound/pci/maestro3.c: removed blobs

SND_YMFPCI - Yamaha YMF724/740/744/754
firmware/yamaha/ds1_ctrl.fw.ihex: removed
firmware/Makefile: dropped firmware/yamaha/ds1_ctrl.fw
firmware/yamaha/ds1_dsp.fw.ihex: removed
firmware/Makefile: dropped firmware/yamaha/ds1_dsp.fw
firmware/yamaha/ds1e_ctrl.fw.ihex: removed
firmware/Makefile: dropped firmware/yamaha/ds1e_ctrl.fw
sound/pci/ymfpci/ymfpci_main.c: disabled non-Free firmware-loading machinery
sound/pci/ymfpci/ymfpci_main.c: removed blobs

SND_SB16_CSP - SB16 Advanced Signal Processor
firmware/sb16/alaw_main.csp.ihex: removed
firmware/Makefile: dropped firmware/sb16/alaw_main.csp
firmware/sb16/mulaw_main.csp.ihex: removed
firmware/Makefile: dropped firmware/sb16/mulaw_main.csp
firmware/sb16/ima_adpcm_init.csp.ihex: removed
firmware/Makefile: dropped firmware/sb16/ima_adpcm_init.csp
firmware/sb16/ima_adpcm_capture.csp.ihex: removed
firmware/Makefile: dropped firmware/sb16/ima_adpcm_capture.csp
firmware/sb16/ima_adpcm_playback.csp.ihex: removed
firmware/Makefile: dropped firmware/sb16/ima_adpcm_playback.csp
sound/isa/sb/sb16_csp.c: disabled non-Free firmware-loading machinery
sound/isa/sb/sb16_csp.c: removed blobs

SND_WAVEFRONT - Turtle Beach Maui,Tropez,Tropez+ (Wavefront)
firmware/yamaha/yss225_registers.bin.ihex: removed
firmware/Makefile: dropped firmware/yamaha/yss225_registers.bin
sound/isa/wavefront/wavefront_fx.c: disabled non-Free firmware-loading machinery
sound/isa/wavefront/wavefront_fx.c: removed blobs
sound/isa/wavefront/wavefront_synth.c: disabled non-Free firmware-loading machinery
sound/isa/wavefront/wavefront_synth.c: removed blobs

SND_VX_LIB - Digigram VX soundcards
sound/drivers/vx/vx_hwdep.c: disabled non-Free firmware-loading machinery
sound/drivers/vx/vx_hwdep.c: removed blobs

SND_DARLA20 - (Echoaudio) Darla20
sound/pci/echoaudio/darla20.c: removed blobs

SND_DARLA24 - (Echoaudio) Darla24
sound/pci/echoaudio/darla24.c: removed blobs

SND_ECHO3G - (Echoaudio) 3G cards
sound/pci/echoaudio/echo3g.c: removed blobs

SND_GINA20 - (Echoaudio) Gina20
sound/pci/echoaudio/gina20.c: removed blobs

SND_GINA24 - (Echoaudio) Gina24
sound/pci/echoaudio/gina24.c: removed blobs

SND_INDIGO - (Echoaudio) Indigo
sound/pci/echoaudio/indigo.c: removed blobs

SND_INDIGODJ - (Echoaudio) Indigo DJ
sound/pci/echoaudio/indigodj.c: removed blobs

SND_INDIGODJX - (Echoaudio) Indigo DJx
sound/pci/echoaudio/indigodjx.c: removed blobs

SND_INDIGOIO - (Echoaudio) Indigo IO
sound/pci/echoaudio/indigoio.c: removed blobs

SND_INDIGOIOX - (Echoaudio) Indigo IOx
sound/pci/echoaudio/indigoiox.c: removed blobs

SND_LAYLA20 - (Echoaudio) Layla20
sound/pci/echoaudio/layla20.c: removed blobs

SND_LAYLA24 - (Echoaudio) Layla24
sound/pci/echoaudio/layla24.c: removed blobs

SND_MIA - (Echoaudio) Mia
sound/pci/echoaudio/mia.c: removed blobs

SND_MONA - (Echoaudio) Mona
sound/pci/echoaudio/mona.c: removed blobs

SND_<(Echoaudio)> - (Echoaudio) all of the above 
sound/pci/echoaudio/echoaudio.c: disabled non-Free firmware-loading machinery
sound/pci/echoaudio/echoaudio.c: removed blobs

SND_EMU10K1 - Emu10k1 (SB Live!, Audigy, E-mu APS)
sound/pci/emu10k1/emu10k1_main.c: disabled non-Free firmware-loading machinery
sound/pci/emu10k1/emu10k1_main.c: removed blobs

SND_MIXART - Digigram miXart
sound/pci/mixart/mixart_hwdep.c: disabled non-Free firmware-loading machinery
sound/pci/mixart/mixart_hwdep.c: removed blobs

SND_PCXHR - Digigram PCXHR
sound/pci/pcxhr/pcxhr_hwdep.c: disabled non-Free firmware-loading machinery
sound/pci/pcxhr/pcxhr_hwdep.c: removed blobs

SND_RIPTIDE - Conexant Riptide
sound/pci/riptide/riptide.c: disabled non-Free firmware-loading machinery
sound/pci/riptide/riptide.c: removed blobs

SND_HDSP - RME Hammerfall DSP Audio
sound/pci/rme9652/hdsp.c: disabled non-Free firmware-loading machinery
sound/pci/rme9652/hdsp.c: removed blobs

SND_AICA - Dreamcast Yamaha AICA sound
sound/sh/aica.c: disabled non-Free firmware-loading machinery
sound/sh/aica.c: removed blobs

SND_MSND_PINNACLE - Support for Turtle Beach MultiSound Pinnacle
sound/isa/msnd/msnd_pinnacle.h: removed blobs
sound/isa/msnd/msnd_pinnacle.c: disabled non-Free firmware-loading machinery
sound/isa/msnd/msnd_pinnacle.c: removed blobs

SND_MSND_CLASSIC - Support for Turtle Beach MultiSound Classic, Tahiti, Monterey
sound/isa/msnd/msnd_classic.h: removed blobs

SOUND_MSNDCLAS - Support for Turtle Beach MultiSound Classic, Tahiti, Monterey (oss)
sound/oss/msnd_classic.h: removed blobs
sound/oss/Kconfig: removed default firmware

SOUND_MSNDPIN - Support for Turtle Beach MultiSound Pinnacle (oss)
sound/oss/msnd_pinnacle.h: removed blobs
sound/oss/Kconfig: removed default firmware

SND_SSCAPE - Ensoniq SoundScape driver
sound/isa/sscape.c: disabled non-Free firmware-loading machinery
sound/isa/sscape.c: removed blobs
sound/isa/Kconfig: removed firmware names

SND_SOC_WM2000 - WM2000 ALSA Soc Audio driver
sound/soc/codecs/wm2000.c: disabled non-Free firmware-loading machinery
sound/soc/codecs/wm2000.c: removed blobs

SND_SOC_SH4_SIU - ALSA SoC driver for Renesas SH7343, SH7722 SIU peripheral
sound/soc/sh/siu_dai.c: disabled non-Free firmware-loading machinery
sound/soc/sh/siu_dai.c: removed blobs

SOUND_TRIX - MediaTrix AudioTrix Pro support
sound/oss/trix.c: removed blobs
sound/oss/Kconfig: removed default firmware

SOUND_TRIX - See above,

SOUND_PAS - ProAudioSpectrum 16 support,

SOUND_SB - 100% Sound Blaster compatibles (SB16/32/64, ESS, Jazz16) support
sound/oss/sb_common.c: removed blobs

SOUND_PSS - PSS (AD1848, ADSP-2115, ESC614) support
sound/oss/pss.c: avoid nested comments
sound/oss/pss.c: removed blobs
sound/oss/Kconfig: removed default firmware

SND_USB_6FIRE - TerraTec DMX 6Fire USB
sound/usb/6fire/firmware.c: disabled non-Free firmware-loading machinery
sound/usb/6fire/firmware.c: removed blobs

Documentation - non-Free firmware scripts and documentation
Documentation/dvb/avermedia.txt: removed blobs
Documentation/dvb/opera-firmware.txt: removed blobs
Documentation/sound/alsa/ALSA-Configuration.txt: removed blobs
Documentation/sound/oss/MultiSound: removed blobs
Documentation/sound/oss/PSS: removed blobs
Documentation/sound/oss/PSS-updates: removed blobs
Documentation/sound/oss/README.OSS: removed blobs
Documentation/dvb/get_dvb_firmware: removed
Documentation/video4linux/extract_xc3028.pl: removed
drivers/base/Kconfig: removed blob name
firmware/README.AddingFirmware: removed blobs
firmware/WHENCE: removed blobs
